[0.007s] Invoking command in '/home/thomas24/hiveverse_ws/build/hive_robot_description': DEBUGINFOD_URLS=https://debuginfod.ubuntu.com /usr/bin/cmake /home/thomas24/hiveverse_ws/src/hive_robot_description -DCMAKE_INSTALL_PREFIX=/home/thomas24/hiveverse_ws/install/hive_robot_description
[0.018s] -- Found ament_cmake: 2.5.4 (/opt/ros/jazzy/share/ament_cmake/cmake)
[0.172s] -- Found xacro: 2.0.13 (/opt/ros/jazzy/share/xacro/cmake)
[0.172s] -- Found ros_gz_sim: 1.0.15 (/opt/ros/jazzy/share/ros_gz_sim/cmake)
[0.194s] -- Found rosidl_generator_c: 4.6.5 (/opt/ros/jazzy/share/rosidl_generator_c/cmake)
[0.200s] -- Found rosidl_generator_cpp: 4.6.5 (/opt/ros/jazzy/share/rosidl_generator_cpp/cmake)
[0.208s] -- Using all available rosidl_typesupport_c: rosidl_typesupport_fastrtps_c;rosidl_typesupport_introspection_c
[0.217s] -- Using all available rosidl_typesupport_cpp: rosidl_typesupport_fastrtps_cpp;rosidl_typesupport_introspection_cpp
[0.259s] -- Found rmw_implementation_cmake: 7.3.2 (/opt/ros/jazzy/share/rmw_implementation_cmake/cmake)
[0.260s] -- Found rmw_fastrtps_cpp: 8.4.2 (/opt/ros/jazzy/share/rmw_fastrtps_cpp/cmake)
[0.306s] -- Using RMW implementation 'rmw_fastrtps_cpp' as default
[0.464s] [31mCMake Error at CMakeLists.txt:8 (find_package):
[0.464s]   By not providing "Findros_gz_bridge.cmake" in CMAKE_MODULE_PATH this
[0.464s]   project has asked CMake to find a package configuration file provided by
[0.464s]   "ros_gz_bridge", but CMake did not find one.
[0.464s] 
[0.464s]   Could not find a package configuration file provided by "ros_gz_bridge"
[0.464s]   with any of the following names:
[0.464s] 
[0.464s]     ros_gz_bridgeConfig.cmake
[0.464s]     ros_gz_bridge-config.cmake
[0.464s] 
[0.464s]   Add the installation prefix of "ros_gz_bridge" to CMAKE_PREFIX_PATH or set
[0.464s]   "ros_gz_bridge_DIR" to a directory containing one of the above files.  If
[0.464s]   "ros_gz_bridge" provides a separate development package or SDK, be sure it
[0.465s]   has been installed.
[0.465s] 
[0.465s] [0m
[0.465s] -- Configuring incomplete, errors occurred!
[0.470s] Invoked command in '/home/thomas24/hiveverse_ws/build/hive_robot_description' returned '1': DEBUGINFOD_URLS=https://debuginfod.ubuntu.com /usr/bin/cmake /home/thomas24/hiveverse_ws/src/hive_robot_description -DCMAKE_INSTALL_PREFIX=/home/thomas24/hiveverse_ws/install/hive_robot_description
