-- Install configuration: ""
-- Up-to-date: /home/thomas24/hiveverse_ws/install/hive_robot_description/share/hive_robot_description/launch
-- Up-to-date: /home/thomas24/hiveverse_ws/install/hive_robot_description/share/hive_robot_description/launch/view_model.launch.py
-- Up-to-date: /home/thomas24/hiveverse_ws/install/hive_robot_description/share/hive_robot_description/launch/gazebo_model.launch.py
-- Up-to-date: /home/thomas24/hiveverse_ws/install/hive_robot_description/share/hive_robot_description/launch/hive_test_launch.py
-- Up-to-date: /home/thomas24/hiveverse_ws/install/hive_robot_description/share/hive_robot_description/launch/spawn_gz.launch.py
-- Up-to-date: /home/thomas24/hiveverse_ws/install/hive_robot_description/share/hive_robot_description/model
-- Installing: /home/thomas24/hiveverse_ws/install/hive_robot_description/share/hive_robot_description/model/mk5_200.gazebo
-- Up-to-date: /home/thomas24/hiveverse_ws/install/hive_robot_description/share/hive_robot_description/model/mk5_200.urdf.xacro
-- Up-to-date: /home/thomas24/hiveverse_ws/install/hive_robot_description/share/hive_robot_description/model/mk5_200
-- Up-to-date: /home/thomas24/hiveverse_ws/install/hive_robot_description/share/hive_robot_description/model/mk5_200/model.sdf
-- Up-to-date: /home/thomas24/hiveverse_ws/install/hive_robot_description/share/hive_robot_description/model/mk5_200/model.config
-- Up-to-date: /home/thomas24/hiveverse_ws/install/hive_robot_description/share/hive_robot_description/parameters
-- Up-to-date: /home/thomas24/hiveverse_ws/install/hive_robot_description/share/hive_robot_description/parameters/bridge_parameters.yaml
-- Up-to-date: /home/thomas24/hiveverse_ws/install/hive_robot_description/share/ament_index/resource_index/package_run_dependencies/hive_robot_description
-- Up-to-date: /home/thomas24/hiveverse_ws/install/hive_robot_description/share/ament_index/resource_index/parent_prefix_path/hive_robot_description
-- Up-to-date: /home/thomas24/hiveverse_ws/install/hive_robot_description/share/hive_robot_description/environment/ament_prefix_path.sh
-- Up-to-date: /home/thomas24/hiveverse_ws/install/hive_robot_description/share/hive_robot_description/environment/ament_prefix_path.dsv
-- Up-to-date: /home/thomas24/hiveverse_ws/install/hive_robot_description/share/hive_robot_description/environment/path.sh
-- Up-to-date: /home/thomas24/hiveverse_ws/install/hive_robot_description/share/hive_robot_description/environment/path.dsv
-- Up-to-date: /home/thomas24/hiveverse_ws/install/hive_robot_description/share/hive_robot_description/local_setup.bash
-- Up-to-date: /home/thomas24/hiveverse_ws/install/hive_robot_description/share/hive_robot_description/local_setup.sh
-- Up-to-date: /home/thomas24/hiveverse_ws/install/hive_robot_description/share/hive_robot_description/local_setup.zsh
-- Up-to-date: /home/thomas24/hiveverse_ws/install/hive_robot_description/share/hive_robot_description/local_setup.dsv
-- Installing: /home/thomas24/hiveverse_ws/install/hive_robot_description/share/hive_robot_description/package.dsv
-- Up-to-date: /home/thomas24/hiveverse_ws/install/hive_robot_description/share/ament_index/resource_index/packages/hive_robot_description
-- Up-to-date: /home/thomas24/hiveverse_ws/install/hive_robot_description/share/hive_robot_description/cmake/hive_robot_descriptionConfig.cmake
-- Up-to-date: /home/thomas24/hiveverse_ws/install/hive_robot_description/share/hive_robot_description/cmake/hive_robot_descriptionConfig-version.cmake
-- Up-to-date: /home/thomas24/hiveverse_ws/install/hive_robot_description/share/hive_robot_description/package.xml
