[0.008s] Invoking command in '/home/thomas24/hiveverse_ws/build/hive_robot_description': CMAKE_PREFIX_PATH=${CMAKE_PREFIX_PATH}:/opt/ros/jazzy DEBUGINFOD_URLS=https://debuginfod.ubuntu.com /usr/bin/cmake --build /home/thomas24/hiveverse_ws/build/hive_robot_description -- -j16 -l16
[0.028s] -- Found ament_cmake: 2.5.4 (/opt/ros/jazzy/share/ament_cmake/cmake)
[0.184s] -- Found rclcpp: 28.1.10 (/opt/ros/jazzy/share/rclcpp/cmake)
[0.224s] -- Found rosidl_generator_c: 4.6.5 (/opt/ros/jazzy/share/rosidl_generator_c/cmake)
[0.238s] -- Found rosidl_generator_cpp: 4.6.5 (/opt/ros/jazzy/share/rosidl_generator_cpp/cmake)
[0.251s] -- Using all available rosidl_typesupport_c: rosidl_typesupport_fastrtps_c;rosidl_typesupport_introspection_c
[0.267s] -- Using all available rosidl_typesupport_cpp: rosidl_typesupport_fastrtps_cpp;rosidl_typesupport_introspection_cpp
[0.331s] -- Found rmw_implementation_cmake: 7.3.2 (/opt/ros/jazzy/share/rmw_implementation_cmake/cmake)
[0.334s] -- Found rmw_fastrtps_cpp: 8.4.2 (/opt/ros/jazzy/share/rmw_fastrtps_cpp/cmake)
[0.403s] -- Found OpenSSL: /usr/lib/x86_64-linux-gnu/libcrypto.so (found version "3.0.13")  
[0.418s] -- Found FastRTPS: /opt/ros/jazzy/include (Required is at least version "2.13") 
[0.436s] -- Using RMW implementation 'rmw_fastrtps_cpp' as default
[0.497s] -- Found sensor_msgs: 5.3.6 (/opt/ros/jazzy/share/sensor_msgs/cmake)
[0.542s] -- Found ament_lint_auto: 0.17.2 (/opt/ros/jazzy/share/ament_lint_auto/cmake)
[0.611s] -- Configuring done (0.6s)
[0.614s] [31mCMake Error at CMakeLists.txt:22 (add_executable):
[0.614s]   Cannot find source file:
[0.614s] 
[0.614s]     src/lidar_frame_mapper.cpp
[0.614s] 
[0.614s]   Tried extensions .c .C .c++ .cc .cpp .cxx .cu .mpp .m .M .mm .ixx .cppm
[0.614s]   .ccm .cxxm .c++m .h .hh .h++ .hm .hpp .hxx .in .txx .f .F .for .f77 .f90
[0.614s]   .f95 .f03 .hip .ispc
[0.614s] 
[0.614s] [0m
[0.615s] [31mCMake Error at CMakeLists.txt:22 (add_executable):
[0.615s]   No SOURCES given to target: lidar_frame_mapper
[0.615s] 
[0.615s] [0m
[0.615s] [0mCMake Generate step failed.  Build files cannot be regenerated correctly.[0m
[0.623s] gmake: *** [Makefile:226 : cmake_check_build_system] Erreur 1
[0.625s] Invoked command in '/home/thomas24/hiveverse_ws/build/hive_robot_description' returned '2': CMAKE_PREFIX_PATH=${CMAKE_PREFIX_PATH}:/opt/ros/jazzy DEBUGINFOD_URLS=https://debuginfod.ubuntu.com /usr/bin/cmake --build /home/thomas24/hiveverse_ws/build/hive_robot_description -- -j16 -l16
