[0.009s] Invoking command in '/home/thomas24/hiveverse_ws/build/hive_robot_description': CMAKE_PREFIX_PATH=${CMAKE_PREFIX_PATH}:/opt/ros/jazzy DEBUGINFOD_URLS=https://debuginfod.ubuntu.com /usr/bin/cmake --build /home/thomas24/hiveverse_ws/build/hive_robot_description -- -j16 -l16
[0.066s] [ 50%] Built target lidar_frame_mapper
[0.070s] [ 75%] [32mBuilding CXX object CMakeFiles/multi_odom_tf_broadcaster.dir/src/multi_odom_tf_broadcaster.cpp.o[0m
[1.945s] [01m[K/home/thomas24/hiveverse_ws/src/hive_robot_description/src/multi_odom_tf_broadcaster.cpp:[m[K In constructor ‘[01m[KOdomToTF::[01;32m[KOdomToTF[m[K()[m[K’:
[1.945s] [01m[K/home/thomas24/hiveverse_ws/src/hive_robot_description/src/multi_odom_tf_broadcaster.cpp:21:45:[m[K [01;31m[Kerror: [m[Kno matching function for call to ‘[01m[Krclcpp::QoS::QoS()[m[K’
[1.945s]    21 |   OdomToTF() : Node("odom_to_tf_broadcaster"[01;31m[K)[m[K
[1.945s]       |                                             [01;31m[K^[m[K
[1.945s] In file included from [01m[K/opt/ros/jazzy/include/rclcpp/rclcpp/node_interfaces/node_graph_interface.hpp:33[m[K,
[1.945s]                  from [01m[K/opt/ros/jazzy/include/rclcpp/rclcpp/client.hpp:45[m[K,
[1.945s]                  from [01m[K/opt/ros/jazzy/include/rclcpp/rclcpp/callback_group.hpp:24[m[K,
[1.945s]                  from [01m[K/opt/ros/jazzy/include/rclcpp/rclcpp/any_executable.hpp:20[m[K,
[1.945s]                  from [01m[K/opt/ros/jazzy/include/rclcpp/rclcpp/memory_strategy.hpp:25[m[K,
[1.945s]                  from [01m[K/opt/ros/jazzy/include/rclcpp/rclcpp/memory_strategies.hpp:18[m[K,
[1.945s]                  from [01m[K/opt/ros/jazzy/include/rclcpp/rclcpp/executor_options.hpp:22[m[K,
[1.945s]                  from [01m[K/opt/ros/jazzy/include/rclcpp/rclcpp/executor.hpp:38[m[K,
[1.945s]                  from [01m[K/opt/ros/jazzy/include/rclcpp/rclcpp/executors/multi_threaded_executor.hpp:25[m[K,
[1.945s]                  from [01m[K/opt/ros/jazzy/include/rclcpp/rclcpp/executors.hpp:21[m[K,
[1.946s]                  from [01m[K/opt/ros/jazzy/include/rclcpp/rclcpp/rclcpp.hpp:172[m[K,
[1.946s]                  from [01m[K/home/thomas24/hiveverse_ws/src/hive_robot_description/src/multi_odom_tf_broadcaster.cpp:8[m[K:
[1.946s] [01m[K/opt/ros/jazzy/include/rclcpp/rclcpp/qos.hpp:146:3:[m[K [01;36m[Knote: [m[Kcandidate: ‘[01m[Krclcpp::QoS::[01;32m[KQoS[m[K(size_t)[m[K’
[1.946s]   146 |   [01;36m[KQoS[m[K(size_t history_depth);  // NOLINT(runtime/explicit): conversion constructor
[1.946s]       |   [01;36m[K^~~[m[K
[1.946s] [01m[K/opt/ros/jazzy/include/rclcpp/rclcpp/qos.hpp:146:3:[m[K [01;36m[Knote: [m[K  candidate expects 1 argument, 0 provided
[1.946s] [01m[K/opt/ros/jazzy/include/rclcpp/rclcpp/qos.hpp:133:3:[m[K [01;36m[Knote: [m[Kcandidate: ‘[01m[Krclcpp::QoS::[01;32m[KQoS[m[K(const rclcpp::QoSInitialization&, const rmw_qos_profile_t&)[m[K’
[1.946s]   133 |   [01;36m[KQoS[m[K(
[1.946s]       |   [01;36m[K^~~[m[K
[1.946s] [01m[K/opt/ros/jazzy/include/rclcpp/rclcpp/qos.hpp:133:3:[m[K [01;36m[Knote: [m[K  candidate expects 2 arguments, 0 provided
[1.946s] [01m[K/opt/ros/jazzy/include/rclcpp/rclcpp/qos.hpp:115:21:[m[K [01;36m[Knote: [m[Kcandidate: ‘[01m[Kconstexpr rclcpp::QoS::[01;32m[KQoS[m[K(const rclcpp::QoS&)[m[K’
[1.946s]   115 | class RCLCPP_PUBLIC [01;36m[KQoS[m[K
[1.946s]       |                     [01;36m[K^~~[m[K
[1.946s] [01m[K/opt/ros/jazzy/include/rclcpp/rclcpp/qos.hpp:115:21:[m[K [01;36m[Knote: [m[K  candidate expects 1 argument, 0 provided
[1.946s] [01m[K/opt/ros/jazzy/include/rclcpp/rclcpp/qos.hpp:115:21:[m[K [01;36m[Knote: [m[Kcandidate: ‘[01m[Kconstexpr rclcpp::QoS::[01;32m[KQoS[m[K(rclcpp::QoS&&)[m[K’
[1.946s] [01m[K/opt/ros/jazzy/include/rclcpp/rclcpp/qos.hpp:115:21:[m[K [01;36m[Knote: [m[K  candidate expects 1 argument, 0 provided
[4.264s] gmake[2]: *** [CMakeFiles/multi_odom_tf_broadcaster.dir/build.make:76 : CMakeFiles/multi_odom_tf_broadcaster.dir/src/multi_odom_tf_broadcaster.cpp.o] Erreur 1
[4.264s] gmake[1]: *** [CMakeFiles/Makefile2:139 : CMakeFiles/multi_odom_tf_broadcaster.dir/all] Erreur 2
[4.264s] gmake: *** [Makefile:146 : all] Erreur 2
[4.267s] Invoked command in '/home/thomas24/hiveverse_ws/build/hive_robot_description' returned '2': CMAKE_PREFIX_PATH=${CMAKE_PREFIX_PATH}:/opt/ros/jazzy DEBUGINFOD_URLS=https://debuginfod.ubuntu.com /usr/bin/cmake --build /home/thomas24/hiveverse_ws/build/hive_robot_description -- -j16 -l16
