[0.009s] Invoking command in '/home/thomas24/hiveverse_ws/build/hive_robot_description': CMAKE_PREFIX_PATH=${CMAKE_PREFIX_PATH}:/opt/ros/jazzy DEBUGINFOD_URLS=https://debuginfod.ubuntu.com /usr/bin/cmake --build /home/thomas24/hiveverse_ws/build/hive_robot_description -- -j16 -l16
[0.036s] -- Found ament_cmake: 2.5.4 (/opt/ros/jazzy/share/ament_cmake/cmake)
[0.218s] -- Found rclcpp: 28.1.10 (/opt/ros/jazzy/share/rclcpp/cmake)
[0.239s] -- Found rosidl_generator_c: 4.6.5 (/opt/ros/jazzy/share/rosidl_generator_c/cmake)
[0.246s] -- Found rosidl_generator_cpp: 4.6.5 (/opt/ros/jazzy/share/rosidl_generator_cpp/cmake)
[0.254s] -- Using all available rosidl_typesupport_c: rosidl_typesupport_fastrtps_c;rosidl_typesupport_introspection_c
[0.263s] -- Using all available rosidl_typesupport_cpp: rosidl_typesupport_fastrtps_cpp;rosidl_typesupport_introspection_cpp
[0.308s] -- Found rmw_implementation_cmake: 7.3.2 (/opt/ros/jazzy/share/rmw_implementation_cmake/cmake)
[0.309s] -- Found rmw_fastrtps_cpp: 8.4.2 (/opt/ros/jazzy/share/rmw_fastrtps_cpp/cmake)
[0.362s] -- Using RMW implementation 'rmw_fastrtps_cpp' as default
[0.410s] -- Found sensor_msgs: 5.3.6 (/opt/ros/jazzy/share/sensor_msgs/cmake)
[0.451s] -- Found nav_msgs: 5.3.6 (/opt/ros/jazzy/share/nav_msgs/cmake)
[0.471s] -- Found tf2: 0.36.12 (/opt/ros/jazzy/share/tf2/cmake)
[0.473s] -- Found tf2_ros: 0.36.12 (/opt/ros/jazzy/share/tf2_ros/cmake)
[0.556s] -- Found tf2_geometry_msgs: 0.36.12 (/opt/ros/jazzy/share/tf2_geometry_msgs/cmake)
[0.559s] -- Found eigen3_cmake_module: 0.3.0 (/opt/ros/jazzy/share/eigen3_cmake_module/cmake)
[0.559s] -- Ensuring Eigen3 include directory is part of orocos-kdl CMake target
[0.564s] -- Found ament_lint_auto: 0.17.2 (/opt/ros/jazzy/share/ament_lint_auto/cmake)
[0.634s] -- Configuring done (0.6s)
[0.650s] -- Generating done (0.0s)
[0.656s] -- Build files have been written to: /home/thomas24/hiveverse_ws/build/hive_robot_description
[0.693s] [ 16%] [32mBuilding CXX object CMakeFiles/multi_robot_tf_and_lidar_mapper.dir/src/multi_robot_tf_and_lidar_mapper.cpp.o[0m
[0.701s] [ 83%] Built target multi_odom_tf_broadcaster
[0.701s] [ 83%] Built target lidar_frame_mapper
[2.591s] [01m[K/home/thomas24/hiveverse_ws/src/hive_robot_description/src/multi_robot_tf_and_lidar_mapper.cpp:[m[K In constructor ‘[01m[KMultiRobotTFAndLidar::[01;32m[KMultiRobotTFAndLidar[m[K()[m[K’:
[2.591s] [01m[K/home/thomas24/hiveverse_ws/src/hive_robot_description/src/multi_robot_tf_and_lidar_mapper.cpp:48:45:[m[K [01;31m[Kerror: [m[Kno matching function for call to ‘[01m[Krclcpp::QoS::QoS()[m[K’
[2.591s]    48 |   : Node("multi_robot_tf_and_lidar"), qos_(1[01;31m[K)[m[K
[2.591s]       |                                             [01;31m[K^[m[K
[2.591s] In file included from [01m[K/opt/ros/jazzy/include/rclcpp/rclcpp/node_interfaces/node_graph_interface.hpp:33[m[K,
[2.591s]                  from [01m[K/opt/ros/jazzy/include/rclcpp/rclcpp/client.hpp:45[m[K,
[2.591s]                  from [01m[K/opt/ros/jazzy/include/rclcpp/rclcpp/callback_group.hpp:24[m[K,
[2.591s]                  from [01m[K/opt/ros/jazzy/include/rclcpp/rclcpp/any_executable.hpp:20[m[K,
[2.591s]                  from [01m[K/opt/ros/jazzy/include/rclcpp/rclcpp/memory_strategy.hpp:25[m[K,
[2.591s]                  from [01m[K/opt/ros/jazzy/include/rclcpp/rclcpp/memory_strategies.hpp:18[m[K,
[2.591s]                  from [01m[K/opt/ros/jazzy/include/rclcpp/rclcpp/executor_options.hpp:22[m[K,
[2.591s]                  from [01m[K/opt/ros/jazzy/include/rclcpp/rclcpp/executor.hpp:38[m[K,
[2.591s]                  from [01m[K/opt/ros/jazzy/include/rclcpp/rclcpp/executors/multi_threaded_executor.hpp:25[m[K,
[2.591s]                  from [01m[K/opt/ros/jazzy/include/rclcpp/rclcpp/executors.hpp:21[m[K,
[2.591s]                  from [01m[K/opt/ros/jazzy/include/rclcpp/rclcpp/rclcpp.hpp:172[m[K,
[2.592s]                  from [01m[K/home/thomas24/hiveverse_ws/src/hive_robot_description/src/multi_robot_tf_and_lidar_mapper.cpp:17[m[K:
[2.592s] [01m[K/opt/ros/jazzy/include/rclcpp/rclcpp/qos.hpp:146:3:[m[K [01;36m[Knote: [m[Kcandidate: ‘[01m[Krclcpp::QoS::[01;32m[KQoS[m[K(size_t)[m[K’
[2.592s]   146 |   [01;36m[KQoS[m[K(size_t history_depth);  // NOLINT(runtime/explicit): conversion constructor
[2.592s]       |   [01;36m[K^~~[m[K
[2.592s] [01m[K/opt/ros/jazzy/include/rclcpp/rclcpp/qos.hpp:146:3:[m[K [01;36m[Knote: [m[K  candidate expects 1 argument, 0 provided
[2.592s] [01m[K/opt/ros/jazzy/include/rclcpp/rclcpp/qos.hpp:133:3:[m[K [01;36m[Knote: [m[Kcandidate: ‘[01m[Krclcpp::QoS::[01;32m[KQoS[m[K(const rclcpp::QoSInitialization&, const rmw_qos_profile_t&)[m[K’
[2.592s]   133 |   [01;36m[KQoS[m[K(
[2.592s]       |   [01;36m[K^~~[m[K
[2.592s] [01m[K/opt/ros/jazzy/include/rclcpp/rclcpp/qos.hpp:133:3:[m[K [01;36m[Knote: [m[K  candidate expects 2 arguments, 0 provided
[2.592s] [01m[K/opt/ros/jazzy/include/rclcpp/rclcpp/qos.hpp:115:21:[m[K [01;36m[Knote: [m[Kcandidate: ‘[01m[Kconstexpr rclcpp::QoS::[01;32m[KQoS[m[K(const rclcpp::QoS&)[m[K’
[2.592s]   115 | class RCLCPP_PUBLIC [01;36m[KQoS[m[K
[2.592s]       |                     [01;36m[K^~~[m[K
[2.592s] [01m[K/opt/ros/jazzy/include/rclcpp/rclcpp/qos.hpp:115:21:[m[K [01;36m[Knote: [m[K  candidate expects 1 argument, 0 provided
[2.592s] [01m[K/opt/ros/jazzy/include/rclcpp/rclcpp/qos.hpp:115:21:[m[K [01;36m[Knote: [m[Kcandidate: ‘[01m[Kconstexpr rclcpp::QoS::[01;32m[KQoS[m[K(rclcpp::QoS&&)[m[K’
[2.592s] [01m[K/opt/ros/jazzy/include/rclcpp/rclcpp/qos.hpp:115:21:[m[K [01;36m[Knote: [m[K  candidate expects 1 argument, 0 provided
[2.592s] [01m[K/home/thomas24/hiveverse_ws/src/hive_robot_description/src/multi_robot_tf_and_lidar_mapper.cpp:52:67:[m[K [01;35m[Kwarning: [m[Kconverting to ‘[01m[Kconst rcl_interfaces::msg::ParameterDescriptor[m[K’ {aka ‘[01m[Kconst rcl_interfaces::msg::ParameterDescriptor_<std::allocator<void> >[m[K’} from initializer list would use explicit constructor ‘[01m[Krcl_interfaces::msg::ParameterDescriptor_<ContainerAllocator>::[01;32m[KParameterDescriptor_[m[K(rosidl_runtime_cpp::MessageInitialization) [35m[K[with ContainerAllocator = std::allocator<void>][m[K[m[K’
[2.592s]    52 |     topics_param_    = [01;35m[Kdeclare_parameter<std::vector<std::string>>("topics", {})[m[K;
[2.593s]       |                        [01;35m[K~~~~~~~~~~~~~~~~~~~~~~~~~~~~~~~~~~~~~~~~~~~^~~~~~~~~~~~~~[m[K
[2.593s] [01m[K/home/thomas24/hiveverse_ws/src/hive_robot_description/src/multi_robot_tf_and_lidar_mapper.cpp:52:67:[m[K [01;36m[Knote: [m[Kin C++11 and above a default constructor can be explicit
[2.593s] [01m[K/home/thomas24/hiveverse_ws/src/hive_robot_description/src/multi_robot_tf_and_lidar_mapper.cpp:65:7:[m[K [01;31m[Kerror: [m[Kunable to find numeric literal operator ‘[01m[Koperator""s[m[K’
[2.593s]    65 |       [01;31m[K1s[m[K, std::bind(&MultiRobotTFAndLidar::discover_odom_topics, this));
[2.593s]       |       [01;31m[K^~[m[K
[2.595s] [01m[K/home/thomas24/hiveverse_ws/src/hive_robot_description/src/multi_robot_tf_and_lidar_mapper.cpp:68:7:[m[K [01;31m[Kerror: [m[Kunable to find numeric literal operator ‘[01m[Koperator""s[m[K’
[2.595s]    68 |       [01;31m[K2s[m[K, std::bind(&MultiRobotTFAndLidar::discover_pc2_topics, this));
[2.595s]       |       [01;31m[K^~[m[K
[2.608s] [01m[K/home/thomas24/hiveverse_ws/src/hive_robot_description/src/multi_robot_tf_and_lidar_mapper.cpp:[m[K In member function ‘[01m[Kvoid MultiRobotTFAndLidar::[01;32m[Khandle_odom[m[K(const std::string&, const nav_msgs::msg::Odometry_<std::allocator<void> >::SharedPtr&)[m[K’:
[2.608s] [01m[K/home/thomas24/hiveverse_ws/src/hive_robot_description/src/multi_robot_tf_and_lidar_mapper.cpp:121:18:[m[K [01;31m[Kerror: [m[K‘[01m[KgetYaw[m[K’ is not a member of ‘[01m[Ktf2[m[K’
[2.608s]   121 |     o.yaw = tf2::[01;31m[KgetYaw[m[K(msg->pose.pose.orientation);
[2.609s]       |                  [01;31m[K^~~~~~[m[K
[2.613s] [01m[K/home/thomas24/hiveverse_ws/src/hive_robot_description/src/multi_robot_tf_and_lidar_mapper.cpp:[m[K In member function ‘[01m[Kvoid MultiRobotTFAndLidar::[01;32m[Kon_world_pose[m[K(tf2_msgs::msg::TFMessage_<std::allocator<void> >::SharedPtr)[m[K’:
[2.613s] [01m[K/home/thomas24/hiveverse_ws/src/hive_robot_description/src/multi_robot_tf_and_lidar_mapper.cpp:144:42:[m[K [01;31m[Kerror: [m[K‘[01m[KgetYaw[m[K’ is not a member of ‘[01m[Ktf2[m[K’
[2.613s]   144 |       Pose2D p; p.x=x; p.y=y; p.yaw=tf2::[01;31m[KgetYaw[m[K(tr.transform.rotation);
[2.613s]       |                                          [01;31m[K^~~~~~[m[K
[5.459s] gmake[2]: *** [CMakeFiles/multi_robot_tf_and_lidar_mapper.dir/build.make:76: CMakeFiles/multi_robot_tf_and_lidar_mapper.dir/src/multi_robot_tf_and_lidar_mapper.cpp.o] Error 1
[5.460s] gmake[1]: *** [CMakeFiles/Makefile2:193: CMakeFiles/multi_robot_tf_and_lidar_mapper.dir/all] Error 2
[5.460s] gmake: *** [Makefile:146: all] Error 2
[5.462s] Invoked command in '/home/thomas24/hiveverse_ws/build/hive_robot_description' returned '2': CMAKE_PREFIX_PATH=${CMAKE_PREFIX_PATH}:/opt/ros/jazzy DEBUGINFOD_URLS=https://debuginfod.ubuntu.com /usr/bin/cmake --build /home/thomas24/hiveverse_ws/build/hive_robot_description -- -j16 -l16
