[0.008s] Invoking command in '/home/thomas24/hiveverse_ws/build/hive_robot_description': CMAKE_PREFIX_PATH=${CMAKE_PREFIX_PATH}:/opt/ros/jazzy DEBUGINFOD_URLS=https://debuginfod.ubuntu.com /usr/bin/cmake --build /home/thomas24/hiveverse_ws/build/hive_robot_description -- -j16 -l16
[0.030s] -- Found ament_cmake: 2.5.4 (/opt/ros/jazzy/share/ament_cmake/cmake)
[0.189s] -- Found rclcpp: 28.1.10 (/opt/ros/jazzy/share/rclcpp/cmake)
[0.208s] -- Found rosidl_generator_c: 4.6.5 (/opt/ros/jazzy/share/rosidl_generator_c/cmake)
[0.214s] -- Found rosidl_generator_cpp: 4.6.5 (/opt/ros/jazzy/share/rosidl_generator_cpp/cmake)
[0.221s] -- Using all available rosidl_typesupport_c: rosidl_typesupport_fastrtps_c;rosidl_typesupport_introspection_c
[0.230s] -- Using all available rosidl_typesupport_cpp: rosidl_typesupport_fastrtps_cpp;rosidl_typesupport_introspection_cpp
[0.273s] -- Found rmw_implementation_cmake: 7.3.2 (/opt/ros/jazzy/share/rmw_implementation_cmake/cmake)
[0.273s] -- Found rmw_fastrtps_cpp: 8.4.2 (/opt/ros/jazzy/share/rmw_fastrtps_cpp/cmake)
[0.318s] -- Using RMW implementation 'rmw_fastrtps_cpp' as default
[0.363s] -- Found sensor_msgs: 5.3.6 (/opt/ros/jazzy/share/sensor_msgs/cmake)
[0.403s] -- Found nav_msgs: 5.3.6 (/opt/ros/jazzy/share/nav_msgs/cmake)
[0.421s] -- Found tf2_ros: 0.36.12 (/opt/ros/jazzy/share/tf2_ros/cmake)
[0.500s] -- Found tf2_geometry_msgs: 0.36.12 (/opt/ros/jazzy/share/tf2_geometry_msgs/cmake)
[0.502s] -- Found eigen3_cmake_module: 0.3.0 (/opt/ros/jazzy/share/eigen3_cmake_module/cmake)
[0.503s] -- Ensuring Eigen3 include directory is part of orocos-kdl CMake target
[0.505s] -- Found ament_lint_auto: 0.17.2 (/opt/ros/jazzy/share/ament_lint_auto/cmake)
[0.572s] -- Configuring done (0.5s)
[0.585s] -- Generating done (0.0s)
[0.589s] -- Build files have been written to: /home/thomas24/hiveverse_ws/build/hive_robot_description
[0.631s] [ 75%] [32mBuilding CXX object CMakeFiles/multi_odom_tf_broadcaster.dir/src/multi_odom_tf_broadcaster.cpp.o[0m
[0.632s] [ 75%] Built target lidar_frame_mapper
[0.855s] [01m[K/home/thomas24/hiveverse_ws/src/hive_robot_description/src/multi_odom_tf_broadcaster.cpp:21:10:[m[K [01;31m[Kfatal error: [m[Ktf2_geometry_msgs/tf2_geometry_msgs.h: No such file or directory
[0.855s]    21 | #include [01;31m[K<tf2_geometry_msgs/tf2_geometry_msgs.h>[m[K
[0.855s]       |          [01;31m[K^~~~~~~~~~~~~~~~~~~~~~~~~~~~~~~~~~~~~~~[m[K
[0.855s] compilation terminated.
[0.859s] gmake[2]: *** [CMakeFiles/multi_odom_tf_broadcaster.dir/build.make:76: CMakeFiles/multi_odom_tf_broadcaster.dir/src/multi_odom_tf_broadcaster.cpp.o] Error 1
[0.859s] gmake[1]: *** [CMakeFiles/Makefile2:139: CMakeFiles/multi_odom_tf_broadcaster.dir/all] Error 2
[0.859s] gmake: *** [Makefile:146: all] Error 2
[0.862s] Invoked command in '/home/thomas24/hiveverse_ws/build/hive_robot_description' returned '2': CMAKE_PREFIX_PATH=${CMAKE_PREFIX_PATH}:/opt/ros/jazzy DEBUGINFOD_URLS=https://debuginfod.ubuntu.com /usr/bin/cmake --build /home/thomas24/hiveverse_ws/build/hive_robot_description -- -j16 -l16
