[0.009s] Invoking command in '/home/thomas24/hiveverse_ws/build/hive_robot_description': CMAKE_PREFIX_PATH=${CMAKE_PREFIX_PATH}:/opt/ros/jazzy DEBUGINFOD_URLS=https://debuginfod.ubuntu.com /usr/bin/cmake --build /home/thomas24/hiveverse_ws/build/hive_robot_description -- -j16 -l16
[0.066s] [ 50%] [32mBuilding CXX object CMakeFiles/lidar_frame_mapper.dir/src/lidar_frame_mapper.cpp.o[0m
[6.731s] [100%] [32m[1mLinking CXX executable lidar_frame_mapper[0m
[6.988s] [100%] Built target lidar_frame_mapper
[7.000s] Invoked command in '/home/thomas24/hiveverse_ws/build/hive_robot_description' returned '0': CMAKE_PREFIX_PATH=${CMAKE_PREFIX_PATH}:/opt/ros/jazzy DEBUGINFOD_URLS=https://debuginfod.ubuntu.com /usr/bin/cmake --build /home/thomas24/hiveverse_ws/build/hive_robot_description -- -j16 -l16
[7.009s] Invoking command in '/home/thomas24/hiveverse_ws/build/hive_robot_description': CMAKE_PREFIX_PATH=${CMAKE_PREFIX_PATH}:/opt/ros/jazzy DEBUGINFOD_URLS=https://debuginfod.ubuntu.com /usr/bin/cmake --install /home/thomas24/hiveverse_ws/build/hive_robot_description
[7.017s] -- Install configuration: ""
[7.018s] -- Up-to-date: /home/thomas24/hiveverse_ws/install/hive_robot_description/share/hive_robot_description/launch
[7.018s] -- Up-to-date: /home/thomas24/hiveverse_ws/install/hive_robot_description/share/hive_robot_description/launch/view_model.launch.py
[7.018s] -- Up-to-date: /home/thomas24/hiveverse_ws/install/hive_robot_description/share/hive_robot_description/launch/publish_static_robot.launch.py
[7.018s] -- Up-to-date: /home/thomas24/hiveverse_ws/install/hive_robot_description/share/hive_robot_description/launch/gazebo_model.launch.py
[7.018s] -- Up-to-date: /home/thomas24/hiveverse_ws/install/hive_robot_description/share/hive_robot_description/launch/multi_robot_spawn.launch.py
[7.018s] -- Up-to-date: /home/thomas24/hiveverse_ws/install/hive_robot_description/share/hive_robot_description/launch/spawn_mk5_200.launch.py
[7.018s] -- Up-to-date: /home/thomas24/hiveverse_ws/install/hive_robot_description/share/hive_robot_description/launch/hive_test_launch.py
[7.018s] -- Up-to-date: /home/thomas24/hiveverse_ws/install/hive_robot_description/share/hive_robot_description/launch/spawn_gz.launch.py
[7.018s] -- Up-to-date: /home/thomas24/hiveverse_ws/install/hive_robot_description/share/hive_robot_description/launch/mono_robot_spawn.launch.py
[7.018s] -- Up-to-date: /home/thomas24/hiveverse_ws/install/hive_robot_description/share/hive_robot_description/model
[7.018s] -- Installing: /home/thomas24/hiveverse_ws/install/hive_robot_description/share/hive_robot_description/model/mk5_200.gazebo
[7.018s] -- Up-to-date: /home/thomas24/hiveverse_ws/install/hive_robot_description/share/hive_robot_description/model/robot_pink.urdf
[7.019s] -- Up-to-date: /home/thomas24/hiveverse_ws/install/hive_robot_description/share/hive_robot_description/model/mk5_200.urdf.xacro
[7.019s] -- Up-to-date: /home/thomas24/hiveverse_ws/install/hive_robot_description/share/hive_robot_description/model/caca.urdf.xacro
[7.019s] -- Up-to-date: /home/thomas24/hiveverse_ws/install/hive_robot_description/share/hive_robot_description/model/bleu_robot.urdf
[7.019s] -- Up-to-date: /home/thomas24/hiveverse_ws/install/hive_robot_description/share/hive_robot_description/model/mk5_200
[7.019s] -- Up-to-date: /home/thomas24/hiveverse_ws/install/hive_robot_description/share/hive_robot_description/model/mk5_200/model.sdf
[7.019s] -- Up-to-date: /home/thomas24/hiveverse_ws/install/hive_robot_description/share/hive_robot_description/model/mk5_200/model.config
[7.019s] -- Up-to-date: /home/thomas24/hiveverse_ws/install/hive_robot_description/share/hive_robot_description/worlds
[7.019s] -- Up-to-date: /home/thomas24/hiveverse_ws/install/hive_robot_description/share/hive_robot_description/worlds/hive_empty_world.world.sdf
[7.019s] -- Up-to-date: /home/thomas24/hiveverse_ws/install/hive_robot_description/share/hive_robot_description/worlds/merde.sdf
[7.019s] -- Up-to-date: /home/thomas24/hiveverse_ws/install/hive_robot_description/share/hive_robot_description/worlds/hive_test.world.sdf
[7.019s] -- Up-to-date: /home/thomas24/hiveverse_ws/install/hive_robot_description/share/hive_robot_description/parameters
[7.019s] -- Installing: /home/thomas24/hiveverse_ws/install/hive_robot_description/share/hive_robot_description/parameters/bridge_parameters.yaml
[7.019s] -- Installing: /home/thomas24/hiveverse_ws/install/hive_robot_description/lib/hive_robot_description/lidar_frame_mapper
[7.023s] -- Set non-toolchain portion of runtime path of "/home/thomas24/hiveverse_ws/install/hive_robot_description/lib/hive_robot_description/lidar_frame_mapper" to ""
[7.023s] -- Up-to-date: /home/thomas24/hiveverse_ws/install/hive_robot_description/share/ament_index/resource_index/package_run_dependencies/hive_robot_description
[7.023s] -- Installing: /home/thomas24/hiveverse_ws/install/hive_robot_description/share/ament_index/resource_index/parent_prefix_path/hive_robot_description
[7.023s] -- Up-to-date: /home/thomas24/hiveverse_ws/install/hive_robot_description/share/hive_robot_description/environment/ament_prefix_path.sh
[7.023s] -- Up-to-date: /home/thomas24/hiveverse_ws/install/hive_robot_description/share/hive_robot_description/environment/ament_prefix_path.dsv
[7.023s] -- Up-to-date: /home/thomas24/hiveverse_ws/install/hive_robot_description/share/hive_robot_description/environment/path.sh
[7.023s] -- Up-to-date: /home/thomas24/hiveverse_ws/install/hive_robot_description/share/hive_robot_description/environment/path.dsv
[7.023s] -- Up-to-date: /home/thomas24/hiveverse_ws/install/hive_robot_description/share/hive_robot_description/local_setup.bash
[7.024s] -- Up-to-date: /home/thomas24/hiveverse_ws/install/hive_robot_description/share/hive_robot_description/local_setup.sh
[7.024s] -- Up-to-date: /home/thomas24/hiveverse_ws/install/hive_robot_description/share/hive_robot_description/local_setup.zsh
[7.024s] -- Up-to-date: /home/thomas24/hiveverse_ws/install/hive_robot_description/share/hive_robot_description/local_setup.dsv
[7.024s] -- Installing: /home/thomas24/hiveverse_ws/install/hive_robot_description/share/hive_robot_description/package.dsv
[7.024s] -- Up-to-date: /home/thomas24/hiveverse_ws/install/hive_robot_description/share/ament_index/resource_index/packages/hive_robot_description
[7.024s] -- Up-to-date: /home/thomas24/hiveverse_ws/install/hive_robot_description/share/hive_robot_description/cmake/hive_robot_descriptionConfig.cmake
[7.024s] -- Up-to-date: /home/thomas24/hiveverse_ws/install/hive_robot_description/share/hive_robot_description/cmake/hive_robot_descriptionConfig-version.cmake
[7.024s] -- Up-to-date: /home/thomas24/hiveverse_ws/install/hive_robot_description/share/hive_robot_description/package.xml
[7.026s] Invoked command in '/home/thomas24/hiveverse_ws/build/hive_robot_description' returned '0': CMAKE_PREFIX_PATH=${CMAKE_PREFIX_PATH}:/opt/ros/jazzy DEBUGINFOD_URLS=https://debuginfod.ubuntu.com /usr/bin/cmake --install /home/thomas24/hiveverse_ws/build/hive_robot_description
