[0.008s] Invoking command in '/home/thomas24/hiveverse_ws/build/hive_robot_description': DEBUGINFOD_URLS=https://debuginfod.ubuntu.com /usr/bin/cmake /home/thomas24/hiveverse_ws/src/hive_robot_description -DCMAKE_INSTALL_PREFIX=/home/thomas24/hiveverse_ws/install/hive_robot_description
[0.019s] -- Found ament_cmake: 2.5.4 (/opt/ros/jazzy/share/ament_cmake/cmake)
[0.174s] -- Found xacro: 2.0.13 (/opt/ros/jazzy/share/xacro/cmake)
[0.174s] -- Found ros_gz_sim: 1.0.15 (/opt/ros/jazzy/share/ros_gz_sim/cmake)
[0.195s] -- Found rosidl_generator_c: 4.6.5 (/opt/ros/jazzy/share/rosidl_generator_c/cmake)
[0.201s] -- Found rosidl_generator_cpp: 4.6.5 (/opt/ros/jazzy/share/rosidl_generator_cpp/cmake)
[0.209s] -- Using all available rosidl_typesupport_c: rosidl_typesupport_fastrtps_c;rosidl_typesupport_introspection_c
[0.218s] -- Using all available rosidl_typesupport_cpp: rosidl_typesupport_fastrtps_cpp;rosidl_typesupport_introspection_cpp
[0.256s] -- Found rmw_implementation_cmake: 7.3.2 (/opt/ros/jazzy/share/rmw_implementation_cmake/cmake)
[0.257s] -- Found rmw_fastrtps_cpp: 8.4.2 (/opt/ros/jazzy/share/rmw_fastrtps_cpp/cmake)
[0.294s] -- Using RMW implementation 'rmw_fastrtps_cpp' as default
[0.418s] -- Found ros_gz_bridge: 1.0.15 (/opt/ros/jazzy/share/ros_gz_bridge/cmake)
[0.428s] -- Looking for gz-msgs10 -- found version 10.3.2
[0.434s] -- Searching for dependencies of gz-msgs10
[0.514s] -- Found Protobuf: /usr/lib/x86_64-linux-gnu/libprotobuf.so (found version "3.21.12") 
[0.517s] -- Looking for gz-utils2 -- found version 2.2.1
[0.517s] -- Searching for dependencies of gz-utils2
[0.519s] -- Looking for gz-math7 -- found version 7.5.2
[0.519s] -- Searching for dependencies of gz-math7
[0.519s] -- Looking for gz-utils2 -- found version 2.2.1
[0.523s] -- Checking for module 'tinyxml2'
[0.533s] --   Found tinyxml2, version 10.0.0
[0.560s] -- Looking for gz-transport13 -- found version 13.4.1
[0.560s] -- Searching for dependencies of gz-transport13
[0.583s] -- Config-file not installed for ZeroMQ -- checking for pkg-config
[0.586s] -- Checking for module 'libzmq >= 4'
[0.596s] --   Found libzmq, version 4.3.5
[0.625s] -- Found ZeroMQ: TRUE (Required is at least version "4") 
[0.629s] -- Checking for module 'uuid'
[0.638s] --   Found uuid, version 2.39.3
[0.661s] -- Found UUID: TRUE  
[0.661s] -- Looking for gz-utils2 -- found version 2.2.1
[0.661s] -- Searching for dependencies of gz-utils2
[0.661s] -- Searching for <gz-utils2> component [cli]
[0.664s] -- Looking for gz-utils2-cli -- found version 2.2.1
[0.664s] -- Searching for dependencies of gz-utils2-cli
[0.664s] -- Looking for gz-msgs10 -- found version 10.3.2
[0.823s] -- Configuring done (0.8s)
[0.828s] -- Generating done (0.0s)
[0.833s] -- Build files have been written to: /home/thomas24/hiveverse_ws/build/hive_robot_description
[0.840s] Invoked command in '/home/thomas24/hiveverse_ws/build/hive_robot_description' returned '0': DEBUGINFOD_URLS=https://debuginfod.ubuntu.com /usr/bin/cmake /home/thomas24/hiveverse_ws/src/hive_robot_description -DCMAKE_INSTALL_PREFIX=/home/thomas24/hiveverse_ws/install/hive_robot_description
[0.841s] Invoking command in '/home/thomas24/hiveverse_ws/build/hive_robot_description': DEBUGINFOD_URLS=https://debuginfod.ubuntu.com /usr/bin/cmake --build /home/thomas24/hiveverse_ws/build/hive_robot_description -- -j16 -l16
[0.877s] [100%] [34m[1mGénération du URDF mk5_200.urdf depuis le Xacro[0m
[0.938s] [100%] Built target generate_urdf
[0.946s] Invoked command in '/home/thomas24/hiveverse_ws/build/hive_robot_description' returned '0': DEBUGINFOD_URLS=https://debuginfod.ubuntu.com /usr/bin/cmake --build /home/thomas24/hiveverse_ws/build/hive_robot_description -- -j16 -l16
[0.953s] Invoking command in '/home/thomas24/hiveverse_ws/build/hive_robot_description': DEBUGINFOD_URLS=https://debuginfod.ubuntu.com /usr/bin/cmake --install /home/thomas24/hiveverse_ws/build/hive_robot_description
[0.958s] -- Install configuration: ""
[0.958s] -- Installing: /home/thomas24/hiveverse_ws/install/hive_robot_description/share/hive_robot_description/urdf
[0.958s] -- Installing: /home/thomas24/hiveverse_ws/install/hive_robot_description/share/hive_robot_description/urdf/mk5_200.urdf.xacro
[0.958s] -- Installing: /home/thomas24/hiveverse_ws/install/hive_robot_description/share/hive_robot_description/urdf/mk5_200.sdf
[0.958s] -- Installing: /home/thomas24/hiveverse_ws/install/hive_robot_description/share/hive_robot_description/urdf/mk5_200.urdf
[0.958s] -- Installing: /home/thomas24/hiveverse_ws/install/hive_robot_description/share/hive_robot_description/urdf/mk5_200.gazebo.xacro
[0.958s] -- Installing: /home/thomas24/hiveverse_ws/install/hive_robot_description/share/hive_robot_description/launch
[0.958s] -- Installing: /home/thomas24/hiveverse_ws/install/hive_robot_description/share/hive_robot_description/launch/view_model.launch.py
[0.958s] -- Installing: /home/thomas24/hiveverse_ws/install/hive_robot_description/share/hive_robot_description/launch/hive_test_launch.py
[0.958s] -- Installing: /home/thomas24/hiveverse_ws/install/hive_robot_description/share/hive_robot_description/launch/spawn_gz.launch.py
[0.958s] -- Installing: /home/thomas24/hiveverse_ws/install/hive_robot_description/share/hive_robot_description/urdf/mk5_200.urdf
[0.958s] -- Installing: /home/thomas24/hiveverse_ws/install/hive_robot_description/share/ament_index/resource_index/package_run_dependencies/hive_robot_description
[0.958s] -- Installing: /home/thomas24/hiveverse_ws/install/hive_robot_description/share/ament_index/resource_index/parent_prefix_path/hive_robot_description
[0.958s] -- Installing: /home/thomas24/hiveverse_ws/install/hive_robot_description/share/hive_robot_description/environment/ament_prefix_path.sh
[0.959s] -- Installing: /home/thomas24/hiveverse_ws/install/hive_robot_description/share/hive_robot_description/environment/ament_prefix_path.dsv
[0.959s] -- Installing: /home/thomas24/hiveverse_ws/install/hive_robot_description/share/hive_robot_description/environment/path.sh
[0.959s] -- Installing: /home/thomas24/hiveverse_ws/install/hive_robot_description/share/hive_robot_description/environment/path.dsv
[0.959s] -- Installing: /home/thomas24/hiveverse_ws/install/hive_robot_description/share/hive_robot_description/local_setup.bash
[0.959s] -- Installing: /home/thomas24/hiveverse_ws/install/hive_robot_description/share/hive_robot_description/local_setup.sh
[0.959s] -- Installing: /home/thomas24/hiveverse_ws/install/hive_robot_description/share/hive_robot_description/local_setup.zsh
[0.959s] -- Installing: /home/thomas24/hiveverse_ws/install/hive_robot_description/share/hive_robot_description/local_setup.dsv
[0.959s] -- Installing: /home/thomas24/hiveverse_ws/install/hive_robot_description/share/hive_robot_description/package.dsv
[0.959s] -- Installing: /home/thomas24/hiveverse_ws/install/hive_robot_description/share/ament_index/resource_index/packages/hive_robot_description
[0.959s] -- Installing: /home/thomas24/hiveverse_ws/install/hive_robot_description/share/hive_robot_description/cmake/hive_robot_descriptionConfig.cmake
[0.959s] -- Installing: /home/thomas24/hiveverse_ws/install/hive_robot_description/share/hive_robot_description/cmake/hive_robot_descriptionConfig-version.cmake
[0.960s] -- Installing: /home/thomas24/hiveverse_ws/install/hive_robot_description/share/hive_robot_description/package.xml
[0.961s] Invoked command in '/home/thomas24/hiveverse_ws/build/hive_robot_description' returned '0': DEBUGINFOD_URLS=https://debuginfod.ubuntu.com /usr/bin/cmake --install /home/thomas24/hiveverse_ws/build/hive_robot_description
