[0.007s] Invoking command in '/home/thomas24/hiveverse_ws/build/hive_robot_description': CMAKE_PREFIX_PATH=${CMAKE_PREFIX_PATH}:/opt/ros/jazzy DEBUGINFOD_URLS=https://debuginfod.ubuntu.com /usr/bin/cmake --build /home/thomas24/hiveverse_ws/build/hive_robot_description -- -j16 -l16
[0.030s] -- Found ament_cmake: 2.5.4 (/opt/ros/jazzy/share/ament_cmake/cmake)
[0.185s] -- Found ament_lint_auto: 0.17.2 (/opt/ros/jazzy/share/ament_lint_auto/cmake)
[0.247s] -- Configuring done (0.2s)
[0.249s] -- Generating done (0.0s)
[0.251s] -- Build files have been written to: /home/thomas24/hiveverse_ws/build/hive_robot_description
[0.270s] Invoked command in '/home/thomas24/hiveverse_ws/build/hive_robot_description' returned '0': CMAKE_PREFIX_PATH=${CMAKE_PREFIX_PATH}:/opt/ros/jazzy DEBUGINFOD_URLS=https://debuginfod.ubuntu.com /usr/bin/cmake --build /home/thomas24/hiveverse_ws/build/hive_robot_description -- -j16 -l16
[0.277s] Invoking command in '/home/thomas24/hiveverse_ws/build/hive_robot_description': CMAKE_PREFIX_PATH=${CMAKE_PREFIX_PATH}:/opt/ros/jazzy DEBUGINFOD_URLS=https://debuginfod.ubuntu.com /usr/bin/cmake --install /home/thomas24/hiveverse_ws/build/hive_robot_description
[0.283s] -- Install configuration: ""
[0.283s] -- Up-to-date: /home/thomas24/hiveverse_ws/install/hive_robot_description/share/hive_robot_description/launch
[0.283s] -- Up-to-date: /home/thomas24/hiveverse_ws/install/hive_robot_description/share/hive_robot_description/launch/view_model.launch.py
[0.283s] -- Installing: /home/thomas24/hiveverse_ws/install/hive_robot_description/share/hive_robot_description/launch/gazebo_model.launch.py
[0.283s] -- Up-to-date: /home/thomas24/hiveverse_ws/install/hive_robot_description/share/hive_robot_description/launch/hive_test_launch.py
[0.284s] -- Up-to-date: /home/thomas24/hiveverse_ws/install/hive_robot_description/share/hive_robot_description/launch/spawn_gz.launch.py
[0.284s] -- Installing: /home/thomas24/hiveverse_ws/install/hive_robot_description/share/hive_robot_description/model
[0.284s] -- Installing: /home/thomas24/hiveverse_ws/install/hive_robot_description/share/hive_robot_description/model/mk5_200.gazebo
[0.284s] -- Installing: /home/thomas24/hiveverse_ws/install/hive_robot_description/share/hive_robot_description/model/mk5_200.urdf.xacro
[0.284s] -- Installing: /home/thomas24/hiveverse_ws/install/hive_robot_description/share/hive_robot_description/model/mk5_200
[0.284s] -- Installing: /home/thomas24/hiveverse_ws/install/hive_robot_description/share/hive_robot_description/model/mk5_200/model.sdf
[0.284s] -- Installing: /home/thomas24/hiveverse_ws/install/hive_robot_description/share/hive_robot_description/model/mk5_200/model.config
[0.284s] -- Installing: /home/thomas24/hiveverse_ws/install/hive_robot_description/share/hive_robot_description/parameters
[0.284s] -- Installing: /home/thomas24/hiveverse_ws/install/hive_robot_description/share/hive_robot_description/parameters/bridge_parameters.yaml
[0.284s] -- Installing: /home/thomas24/hiveverse_ws/install/hive_robot_description/share/ament_index/resource_index/package_run_dependencies/hive_robot_description
[0.284s] -- Installing: /home/thomas24/hiveverse_ws/install/hive_robot_description/share/ament_index/resource_index/parent_prefix_path/hive_robot_description
[0.284s] -- Up-to-date: /home/thomas24/hiveverse_ws/install/hive_robot_description/share/hive_robot_description/environment/ament_prefix_path.sh
[0.284s] -- Up-to-date: /home/thomas24/hiveverse_ws/install/hive_robot_description/share/hive_robot_description/environment/ament_prefix_path.dsv
[0.284s] -- Up-to-date: /home/thomas24/hiveverse_ws/install/hive_robot_description/share/hive_robot_description/environment/path.sh
[0.285s] -- Up-to-date: /home/thomas24/hiveverse_ws/install/hive_robot_description/share/hive_robot_description/environment/path.dsv
[0.285s] -- Up-to-date: /home/thomas24/hiveverse_ws/install/hive_robot_description/share/hive_robot_description/local_setup.bash
[0.285s] -- Up-to-date: /home/thomas24/hiveverse_ws/install/hive_robot_description/share/hive_robot_description/local_setup.sh
[0.285s] -- Up-to-date: /home/thomas24/hiveverse_ws/install/hive_robot_description/share/hive_robot_description/local_setup.zsh
[0.285s] -- Up-to-date: /home/thomas24/hiveverse_ws/install/hive_robot_description/share/hive_robot_description/local_setup.dsv
[0.285s] -- Installing: /home/thomas24/hiveverse_ws/install/hive_robot_description/share/hive_robot_description/package.dsv
[0.285s] -- Up-to-date: /home/thomas24/hiveverse_ws/install/hive_robot_description/share/ament_index/resource_index/packages/hive_robot_description
[0.285s] -- Up-to-date: /home/thomas24/hiveverse_ws/install/hive_robot_description/share/hive_robot_description/cmake/hive_robot_descriptionConfig.cmake
[0.285s] -- Up-to-date: /home/thomas24/hiveverse_ws/install/hive_robot_description/share/hive_robot_description/cmake/hive_robot_descriptionConfig-version.cmake
[0.285s] -- Installing: /home/thomas24/hiveverse_ws/install/hive_robot_description/share/hive_robot_description/package.xml
[0.286s] Invoked command in '/home/thomas24/hiveverse_ws/build/hive_robot_description' returned '0': CMAKE_PREFIX_PATH=${CMAKE_PREFIX_PATH}:/opt/ros/jazzy DEBUGINFOD_URLS=https://debuginfod.ubuntu.com /usr/bin/cmake --install /home/thomas24/hiveverse_ws/build/hive_robot_description
