[0.076s] DEBUG:colcon:Command line arguments: ['/usr/bin/colcon', 'build']
[0.076s] DEBUG:colcon:Parsed command line arguments: Namespace(log_base=None, log_level=None, verb_name='build', build_base='build', install_base='install', merge_install=False, symlink_install=False, test_result_base=None, continue_on_error=False, executor='parallel', parallel_workers=16, event_handlers=None, ignore_user_meta=False, metas=['./colcon.meta'], base_paths=['.'], packages_ignore=None, packages_ignore_regex=None, paths=None, packages_up_to=None, packages_up_to_regex=None, packages_above=None, packages_above_and_dependencies=None, packages_above_depth=None, packages_select_by_dep=None, packages_skip_by_dep=None, packages_skip_up_to=None, packages_select_build_failed=False, packages_skip_build_finished=False, packages_select_test_failures=False, packages_skip_test_passed=False, packages_select=None, packages_skip=None, packages_select_regex=None, packages_skip_regex=None, packages_start=None, packages_end=None, allow_overriding=[], cmake_args=None, cmake_target=None, cmake_target_skip_unavailable=False, cmake_clean_cache=False, cmake_clean_first=False, cmake_force_configure=False, ament_cmake_args=None, catkin_cmake_args=None, catkin_skip_building_tests=False, mixin_files=None, mixin=None, verb_parser=<colcon_mixin.mixin.mixin_argument.MixinArgumentDecorator object at 0x7a54dd5e9b20>, verb_extension=<colcon_core.verb.build.BuildVerb object at 0x7a54dd484140>, main=<bound method BuildVerb.main of <colcon_core.verb.build.BuildVerb object at 0x7a54dd484140>>, mixin_verb=('build',))
[0.105s] Level 1:colcon.colcon_core.package_discovery:discover_packages(colcon_meta) check parameters
[0.105s] Level 1:colcon.colcon_core.package_discovery:discover_packages(recursive) check parameters
[0.105s] Level 1:colcon.colcon_core.package_discovery:discover_packages(ignore) check parameters
[0.105s] Level 1:colcon.colcon_core.package_discovery:discover_packages(path) check parameters
[0.105s] Level 1:colcon.colcon_core.package_discovery:discover_packages(colcon_meta) discover
[0.105s] Level 1:colcon.colcon_core.package_discovery:discover_packages(recursive) discover
[0.105s] INFO:colcon.colcon_core.package_discovery:Crawling recursively for packages in '/home/thomas24/hiveverse_ws'
[0.105s] Level 1:colcon.colcon_core.package_identification:_identify(.) by extensions ['ignore', 'ignore_ament_install']
[0.105s] Level 1:colcon.colcon_core.package_identification:_identify(.) by extension 'ignore'
[0.105s] Level 1:colcon.colcon_core.package_identification:_identify(.) by extension 'ignore_ament_install'
[0.105s] Level 1:colcon.colcon_core.package_identification:_identify(.) by extensions ['colcon_pkg']
[0.105s] Level 1:colcon.colcon_core.package_identification:_identify(.) by extension 'colcon_pkg'
[0.105s] Level 1:colcon.colcon_core.package_identification:_identify(.) by extensions ['colcon_meta']
[0.105s] Level 1:colcon.colcon_core.package_identification:_identify(.) by extension 'colcon_meta'
[0.105s] Level 1:colcon.colcon_core.package_identification:_identify(.) by extensions ['ros']
[0.105s] Level 1:colcon.colcon_core.package_identification:_identify(.) by extension 'ros'
[0.124s] Level 1:colcon.colcon_core.package_identification:_identify(.) by extensions ['cmake', 'python']
[0.124s] Level 1:colcon.colcon_core.package_identification:_identify(.) by extension 'cmake'
[0.124s] Level 1:colcon.colcon_core.package_identification:_identify(.) by extension 'python'
[0.124s] Level 1:colcon.colcon_core.package_identification:_identify(.) by extensions ['python_setup_py']
[0.124s] Level 1:colcon.colcon_core.package_identification:_identify(.) by extension 'python_setup_py'
[0.124s] Level 1:colcon.colcon_core.package_identification:_identify(build) by extensions ['ignore', 'ignore_ament_install']
[0.124s] Level 1:colcon.colcon_core.package_identification:_identify(build) by extension 'ignore'
[0.124s] Level 1:colcon.colcon_core.package_identification:_identify(build) ignored
[0.124s] Level 1:colcon.colcon_core.package_identification:_identify(install) by extensions ['ignore', 'ignore_ament_install']
[0.124s] Level 1:colcon.colcon_core.package_identification:_identify(install) by extension 'ignore'
[0.124s] Level 1:colcon.colcon_core.package_identification:_identify(install) ignored
[0.124s] Level 1:colcon.colcon_core.package_identification:_identify(log) by extensions ['ignore', 'ignore_ament_install']
[0.124s] Level 1:colcon.colcon_core.package_identification:_identify(log) by extension 'ignore'
[0.124s] Level 1:colcon.colcon_core.package_identification:_identify(log) ignored
[0.124s] Level 1:colcon.colcon_core.package_identification:_identify(src) by extensions ['ignore', 'ignore_ament_install']
[0.124s] Level 1:colcon.colcon_core.package_identification:_identify(src) by extension 'ignore'
[0.124s] Level 1:colcon.colcon_core.package_identification:_identify(src) by extension 'ignore_ament_install'
[0.125s] Level 1:colcon.colcon_core.package_identification:_identify(src) by extensions ['colcon_pkg']
[0.125s] Level 1:colcon.colcon_core.package_identification:_identify(src) by extension 'colcon_pkg'
[0.125s] Level 1:colcon.colcon_core.package_identification:_identify(src) by extensions ['colcon_meta']
[0.125s] Level 1:colcon.colcon_core.package_identification:_identify(src) by extension 'colcon_meta'
[0.125s] Level 1:colcon.colcon_core.package_identification:_identify(src) by extensions ['ros']
[0.125s] Level 1:colcon.colcon_core.package_identification:_identify(src) by extension 'ros'
[0.125s] Level 1:colcon.colcon_core.package_identification:_identify(src) by extensions ['cmake', 'python']
[0.125s] Level 1:colcon.colcon_core.package_identification:_identify(src) by extension 'cmake'
[0.125s] Level 1:colcon.colcon_core.package_identification:_identify(src) by extension 'python'
[0.125s] Level 1:colcon.colcon_core.package_identification:_identify(src) by extensions ['python_setup_py']
[0.125s] Level 1:colcon.colcon_core.package_identification:_identify(src) by extension 'python_setup_py'
[0.125s] Level 1:colcon.colcon_core.package_identification:_identify(src/hive_robot_description) by extensions ['ignore', 'ignore_ament_install']
[0.125s] Level 1:colcon.colcon_core.package_identification:_identify(src/hive_robot_description) by extension 'ignore'
[0.125s] Level 1:colcon.colcon_core.package_identification:_identify(src/hive_robot_description) by extension 'ignore_ament_install'
[0.125s] Level 1:colcon.colcon_core.package_identification:_identify(src/hive_robot_description) by extensions ['colcon_pkg']
[0.125s] Level 1:colcon.colcon_core.package_identification:_identify(src/hive_robot_description) by extension 'colcon_pkg'
[0.125s] Level 1:colcon.colcon_core.package_identification:_identify(src/hive_robot_description) by extensions ['colcon_meta']
[0.125s] Level 1:colcon.colcon_core.package_identification:_identify(src/hive_robot_description) by extension 'colcon_meta'
[0.125s] Level 1:colcon.colcon_core.package_identification:_identify(src/hive_robot_description) by extensions ['ros']
[0.125s] Level 1:colcon.colcon_core.package_identification:_identify(src/hive_robot_description) by extension 'ros'
[0.127s] DEBUG:colcon.colcon_core.package_identification:Package 'src/hive_robot_description' with type 'ros.ament_cmake' and name 'hive_robot_description'
[0.127s] Level 1:colcon.colcon_core.package_discovery:discover_packages(recursive) using defaults
[0.127s] Level 1:colcon.colcon_core.package_discovery:discover_packages(ignore) discover
[0.127s] Level 1:colcon.colcon_core.package_discovery:discover_packages(ignore) using defaults
[0.127s] Level 1:colcon.colcon_core.package_discovery:discover_packages(path) discover
[0.127s] Level 1:colcon.colcon_core.package_discovery:discover_packages(path) using defaults
[0.139s] Level 1:colcon.colcon_core.package_discovery:discover_packages(prefix_path) check parameters
[0.139s] Level 1:colcon.colcon_core.package_discovery:discover_packages(prefix_path) discover
[0.141s] DEBUG:colcon.colcon_installed_package_information.package_discovery:Found 1 installed packages in /home/thomas24/hiveverse_ws/install
[0.142s] DEBUG:colcon.colcon_installed_package_information.package_discovery:Found 315 installed packages in /opt/ros/jazzy
[0.142s] Level 1:colcon.colcon_core.package_discovery:discover_packages(prefix_path) using defaults
[0.170s] Level 5:colcon.colcon_core.verb:set package 'hive_robot_description' build argument 'cmake_args' from command line to 'None'
[0.171s] Level 5:colcon.colcon_core.verb:set package 'hive_robot_description' build argument 'cmake_target' from command line to 'None'
[0.171s] Level 5:colcon.colcon_core.verb:set package 'hive_robot_description' build argument 'cmake_target_skip_unavailable' from command line to 'False'
[0.171s] Level 5:colcon.colcon_core.verb:set package 'hive_robot_description' build argument 'cmake_clean_cache' from command line to 'False'
[0.171s] Level 5:colcon.colcon_core.verb:set package 'hive_robot_description' build argument 'cmake_clean_first' from command line to 'False'
[0.171s] Level 5:colcon.colcon_core.verb:set package 'hive_robot_description' build argument 'cmake_force_configure' from command line to 'False'
[0.171s] Level 5:colcon.colcon_core.verb:set package 'hive_robot_description' build argument 'ament_cmake_args' from command line to 'None'
[0.171s] Level 5:colcon.colcon_core.verb:set package 'hive_robot_description' build argument 'catkin_cmake_args' from command line to 'None'
[0.171s] Level 5:colcon.colcon_core.verb:set package 'hive_robot_description' build argument 'catkin_skip_building_tests' from command line to 'False'
[0.171s] DEBUG:colcon.colcon_core.verb:Building package 'hive_robot_description' with the following arguments: {'ament_cmake_args': None, 'build_base': '/home/thomas24/hiveverse_ws/build/hive_robot_description', 'catkin_cmake_args': None, 'catkin_skip_building_tests': False, 'cmake_args': None, 'cmake_clean_cache': False, 'cmake_clean_first': False, 'cmake_force_configure': False, 'cmake_target': None, 'cmake_target_skip_unavailable': False, 'install_base': '/home/thomas24/hiveverse_ws/install/hive_robot_description', 'merge_install': False, 'path': '/home/thomas24/hiveverse_ws/src/hive_robot_description', 'symlink_install': False, 'test_result_base': None}
[0.171s] INFO:colcon.colcon_core.executor:Executing jobs using 'parallel' executor
[0.172s] DEBUG:colcon.colcon_parallel_executor.executor.parallel:run_until_complete
[0.172s] INFO:colcon.colcon_ros.task.ament_cmake.build:Building ROS package in '/home/thomas24/hiveverse_ws/src/hive_robot_description' with build type 'ament_cmake'
[0.172s] INFO:colcon.colcon_cmake.task.cmake.build:Building CMake package in '/home/thomas24/hiveverse_ws/src/hive_robot_description'
[0.174s] INFO:colcon.colcon_core.plugin_system:Skipping extension 'colcon_core.shell.bat': Not used on non-Windows systems
[0.174s] INFO:colcon.colcon_core.shell:Skip shell extension 'powershell' for command environment: Not usable outside of PowerShell
[0.174s] DEBUG:colcon.colcon_core.shell:Skip shell extension 'dsv' for command environment
[0.180s] DEBUG:colcon.colcon_core.event_handler.log_command:Invoking command in '/home/thomas24/hiveverse_ws/build/hive_robot_description': CMAKE_PREFIX_PATH=${CMAKE_PREFIX_PATH}:/opt/ros/jazzy DEBUGINFOD_URLS=https://debuginfod.ubuntu.com /usr/bin/cmake --build /home/thomas24/hiveverse_ws/build/hive_robot_description -- -j16 -l16
[8.255s] DEBUG:colcon.colcon_core.event_handler.log_command:Invoked command in '/home/thomas24/hiveverse_ws/build/hive_robot_description' returned '0': CMAKE_PREFIX_PATH=${CMAKE_PREFIX_PATH}:/opt/ros/jazzy DEBUGINFOD_URLS=https://debuginfod.ubuntu.com /usr/bin/cmake --build /home/thomas24/hiveverse_ws/build/hive_robot_description -- -j16 -l16
[8.264s] DEBUG:colcon.colcon_core.event_handler.log_command:Invoking command in '/home/thomas24/hiveverse_ws/build/hive_robot_description': CMAKE_PREFIX_PATH=${CMAKE_PREFIX_PATH}:/opt/ros/jazzy DEBUGINFOD_URLS=https://debuginfod.ubuntu.com /usr/bin/cmake --install /home/thomas24/hiveverse_ws/build/hive_robot_description
[8.282s] Level 1:colcon.colcon_core.environment:create_environment_scripts_only(hive_robot_description)
[8.283s] DEBUG:colcon.colcon_core.event_handler.log_command:Invoked command in '/home/thomas24/hiveverse_ws/build/hive_robot_description' returned '0': CMAKE_PREFIX_PATH=${CMAKE_PREFIX_PATH}:/opt/ros/jazzy DEBUGINFOD_URLS=https://debuginfod.ubuntu.com /usr/bin/cmake --install /home/thomas24/hiveverse_ws/build/hive_robot_description
[8.284s] Level 1:colcon.colcon_core.environment:checking '/home/thomas24/hiveverse_ws/install/hive_robot_description' for CMake module files
[8.284s] Level 1:colcon.colcon_core.environment:checking '/home/thomas24/hiveverse_ws/install/hive_robot_description' for CMake config files
[8.284s] Level 1:colcon.colcon_core.shell:create_environment_hook('hive_robot_description', 'cmake_prefix_path')
[8.285s] INFO:colcon.colcon_core.shell:Creating environment hook '/home/thomas24/hiveverse_ws/install/hive_robot_description/share/hive_robot_description/hook/cmake_prefix_path.ps1'
[8.285s] INFO:colcon.colcon_core.shell:Creating environment descriptor '/home/thomas24/hiveverse_ws/install/hive_robot_description/share/hive_robot_description/hook/cmake_prefix_path.dsv'
[8.285s] INFO:colcon.colcon_core.shell:Creating environment hook '/home/thomas24/hiveverse_ws/install/hive_robot_description/share/hive_robot_description/hook/cmake_prefix_path.sh'
[8.286s] Level 1:colcon.colcon_core.environment:checking '/home/thomas24/hiveverse_ws/install/hive_robot_description/lib'
[8.286s] Level 1:colcon.colcon_core.environment:checking '/home/thomas24/hiveverse_ws/install/hive_robot_description/bin'
[8.286s] Level 1:colcon.colcon_core.environment:checking '/home/thomas24/hiveverse_ws/install/hive_robot_description/lib/pkgconfig/hive_robot_description.pc'
[8.286s] Level 1:colcon.colcon_core.environment:checking '/home/thomas24/hiveverse_ws/install/hive_robot_description/lib/python3.12/site-packages'
[8.286s] Level 1:colcon.colcon_core.environment:checking '/home/thomas24/hiveverse_ws/install/hive_robot_description/bin'
[8.286s] INFO:colcon.colcon_core.shell:Creating package script '/home/thomas24/hiveverse_ws/install/hive_robot_description/share/hive_robot_description/package.ps1'
[8.287s] INFO:colcon.colcon_core.shell:Creating package descriptor '/home/thomas24/hiveverse_ws/install/hive_robot_description/share/hive_robot_description/package.dsv'
[8.287s] INFO:colcon.colcon_core.shell:Creating package script '/home/thomas24/hiveverse_ws/install/hive_robot_description/share/hive_robot_description/package.sh'
[8.287s] INFO:colcon.colcon_core.shell:Creating package script '/home/thomas24/hiveverse_ws/install/hive_robot_description/share/hive_robot_description/package.bash'
[8.288s] INFO:colcon.colcon_core.shell:Creating package script '/home/thomas24/hiveverse_ws/install/hive_robot_description/share/hive_robot_description/package.zsh'
[8.288s] Level 1:colcon.colcon_core.environment:create_file_with_runtime_dependencies(/home/thomas24/hiveverse_ws/install/hive_robot_description/share/colcon-core/packages/hive_robot_description)
[8.288s] Level 1:colcon.colcon_core.environment:create_environment_scripts_only(hive_robot_description)
[8.289s] Level 1:colcon.colcon_core.environment:checking '/home/thomas24/hiveverse_ws/install/hive_robot_description' for CMake module files
[8.289s] Level 1:colcon.colcon_core.environment:checking '/home/thomas24/hiveverse_ws/install/hive_robot_description' for CMake config files
[8.289s] Level 1:colcon.colcon_core.shell:create_environment_hook('hive_robot_description', 'cmake_prefix_path')
[8.289s] INFO:colcon.colcon_core.shell:Creating environment hook '/home/thomas24/hiveverse_ws/install/hive_robot_description/share/hive_robot_description/hook/cmake_prefix_path.ps1'
[8.289s] INFO:colcon.colcon_core.shell:Creating environment descriptor '/home/thomas24/hiveverse_ws/install/hive_robot_description/share/hive_robot_description/hook/cmake_prefix_path.dsv'
[8.290s] INFO:colcon.colcon_core.shell:Creating environment hook '/home/thomas24/hiveverse_ws/install/hive_robot_description/share/hive_robot_description/hook/cmake_prefix_path.sh'
[8.290s] Level 1:colcon.colcon_core.environment:checking '/home/thomas24/hiveverse_ws/install/hive_robot_description/lib'
[8.290s] Level 1:colcon.colcon_core.environment:checking '/home/thomas24/hiveverse_ws/install/hive_robot_description/bin'
[8.290s] Level 1:colcon.colcon_core.environment:checking '/home/thomas24/hiveverse_ws/install/hive_robot_description/lib/pkgconfig/hive_robot_description.pc'
[8.290s] Level 1:colcon.colcon_core.environment:checking '/home/thomas24/hiveverse_ws/install/hive_robot_description/lib/python3.12/site-packages'
[8.290s] Level 1:colcon.colcon_core.environment:checking '/home/thomas24/hiveverse_ws/install/hive_robot_description/bin'
[8.291s] INFO:colcon.colcon_core.shell:Creating package script '/home/thomas24/hiveverse_ws/install/hive_robot_description/share/hive_robot_description/package.ps1'
[8.291s] INFO:colcon.colcon_core.shell:Creating package descriptor '/home/thomas24/hiveverse_ws/install/hive_robot_description/share/hive_robot_description/package.dsv'
[8.291s] INFO:colcon.colcon_core.shell:Creating package script '/home/thomas24/hiveverse_ws/install/hive_robot_description/share/hive_robot_description/package.sh'
[8.291s] INFO:colcon.colcon_core.shell:Creating package script '/home/thomas24/hiveverse_ws/install/hive_robot_description/share/hive_robot_description/package.bash'
[8.292s] INFO:colcon.colcon_core.shell:Creating package script '/home/thomas24/hiveverse_ws/install/hive_robot_description/share/hive_robot_description/package.zsh'
[8.292s] Level 1:colcon.colcon_core.environment:create_file_with_runtime_dependencies(/home/thomas24/hiveverse_ws/install/hive_robot_description/share/colcon-core/packages/hive_robot_description)
[8.292s] DEBUG:colcon.colcon_parallel_executor.executor.parallel:closing loop
[8.293s] DEBUG:colcon.colcon_parallel_executor.executor.parallel:loop closed
[8.293s] DEBUG:colcon.colcon_parallel_executor.executor.parallel:run_until_complete finished with '0'
[8.293s] DEBUG:colcon.colcon_core.event_reactor:joining thread
[8.297s] INFO:colcon.colcon_core.plugin_system:Skipping extension 'colcon_notification.desktop_notification.terminal_notifier': Not used on non-Darwin systems
[8.297s] INFO:colcon.colcon_core.plugin_system:Skipping extension 'colcon_notification.desktop_notification.win32': Not used on non-Windows systems
[8.297s] INFO:colcon.colcon_notification.desktop_notification:Sending desktop notification using 'notify2'
[8.324s] DEBUG:colcon.colcon_core.event_reactor:joined thread
[8.324s] INFO:colcon.colcon_core.shell:Creating prefix script '/home/thomas24/hiveverse_ws/install/local_setup.ps1'
[8.325s] INFO:colcon.colcon_core.shell:Creating prefix util module '/home/thomas24/hiveverse_ws/install/_local_setup_util_ps1.py'
[8.326s] INFO:colcon.colcon_core.shell:Creating prefix chain script '/home/thomas24/hiveverse_ws/install/setup.ps1'
[8.326s] INFO:colcon.colcon_core.shell:Creating prefix script '/home/thomas24/hiveverse_ws/install/local_setup.sh'
[8.327s] INFO:colcon.colcon_core.shell:Creating prefix util module '/home/thomas24/hiveverse_ws/install/_local_setup_util_sh.py'
[8.327s] INFO:colcon.colcon_core.shell:Creating prefix chain script '/home/thomas24/hiveverse_ws/install/setup.sh'
[8.328s] INFO:colcon.colcon_core.shell:Creating prefix script '/home/thomas24/hiveverse_ws/install/local_setup.bash'
[8.328s] INFO:colcon.colcon_core.shell:Creating prefix chain script '/home/thomas24/hiveverse_ws/install/setup.bash'
[8.329s] INFO:colcon.colcon_core.shell:Creating prefix script '/home/thomas24/hiveverse_ws/install/local_setup.zsh'
[8.330s] INFO:colcon.colcon_core.shell:Creating prefix chain script '/home/thomas24/hiveverse_ws/install/setup.zsh'
