-- Found ament_cmake: 2.5.4 (/opt/ros/jazzy/share/ament_cmake/cmake)
-- Found rclcpp: 28.1.10 (/opt/ros/jazzy/share/rclcpp/cmake)
-- Found rosidl_generator_c: 4.6.5 (/opt/ros/jazzy/share/rosidl_generator_c/cmake)
-- Found rosidl_generator_cpp: 4.6.5 (/opt/ros/jazzy/share/rosidl_generator_cpp/cmake)
-- Using all available rosidl_typesupport_c: rosidl_typesupport_fastrtps_c;rosidl_typesupport_introspection_c
-- Using all available rosidl_typesupport_cpp: rosidl_typesupport_fastrtps_cpp;rosidl_typesupport_introspection_cpp
-- Found rmw_implementation_cmake: 7.3.2 (/opt/ros/jazzy/share/rmw_implementation_cmake/cmake)
-- Found rmw_fastrtps_cpp: 8.4.2 (/opt/ros/jazzy/share/rmw_fastrtps_cpp/cmake)
-- Using RMW implementation 'rmw_fastrtps_cpp' as default
-- Found sensor_msgs: 5.3.6 (/opt/ros/jazzy/share/sensor_msgs/cmake)
-- Found ament_lint_auto: 0.17.2 (/opt/ros/jazzy/share/ament_lint_auto/cmake)
-- Configuring done (0.5s)
-- Generating done (0.0s)
-- Build files have been written to: /home/thomas24/hiveverse_ws/build/hive_robot_description
[ 50%] [32mBuilding CXX object CMakeFiles/lidar_frame_mapper.dir/src/lidar_frame_mapper.cpp.o[0m
[01m[K/home/thomas24/hiveverse_ws/src/hive_robot_description/src/lidar_frame_mapper.cpp:[m[K In constructor ‘[01m[KLidarFrameMapper::[01;32m[KLidarFrameMapper[m[K()[m[K’:
[01m[K/home/thomas24/hiveverse_ws/src/hive_robot_description/src/lidar_frame_mapper.cpp:37:54:[m[K [01;35m[Kwarning: [m[Kconverting to ‘[01m[Kconst rcl_interfaces::msg::ParameterDescriptor[m[K’ {aka ‘[01m[Kconst rcl_interfaces::msg::ParameterDescriptor_<std::allocator<void> >[m[K’} from initializer list would use explicit constructor ‘[01m[Krcl_interfaces::msg::ParameterDescriptor_<ContainerAllocator>::[01;32m[KParameterDescriptor_[m[K(rosidl_runtime_cpp::MessageInitialization) [35m[K[with ContainerAllocator = std::allocator<void>][m[K[m[K’
   37 |     [01;35m[Kthis->declare_parameter<std::vector<std::string>>("topics", {})[m[K;
      |     [01;35m[K~~~~~~~~~~~~~~~~~~~~~~~~~~~~~~~~~~~~~~~~~~~~~~~~~^~~~~~~~~~~~~~[m[K
[01m[K/home/thomas24/hiveverse_ws/src/hive_robot_description/src/lidar_frame_mapper.cpp:37:54:[m[K [01;36m[Knote: [m[Kin C++11 and above a default constructor can be explicit
[01m[K/home/thomas24/hiveverse_ws/src/hive_robot_description/src/lidar_frame_mapper.cpp:38:73:[m[K [01;35m[Kwarning: [m[Kconverting to ‘[01m[Kconst rcl_interfaces::msg::ParameterDescriptor[m[K’ {aka ‘[01m[Kconst rcl_interfaces::msg::ParameterDescriptor_<std::allocator<void> >[m[K’} from initializer list would use explicit constructor ‘[01m[Krcl_interfaces::msg::ParameterDescriptor_<ContainerAllocator>::[01;32m[KParameterDescriptor_[m[K(rosidl_runtime_cpp::MessageInitialization) [35m[K[with ContainerAllocator = std::allocator<void>][m[K[m[K’
   38 |     [01;35m[Kthis->declare_parameter<std::unordered_map<std::string,std::string>>("frame_map", {})[m[K;
      |     [01;35m[K~~~~~~~~~~~~~~~~~~~~~~~~~~~~~~~~~~~~~~~~~~~~~~~~~~~~~~~~~~~~~~~~~~~~^~~~~~~~~~~~~~~~~[m[K
[01m[K/home/thomas24/hiveverse_ws/src/hive_robot_description/src/lidar_frame_mapper.cpp:38:73:[m[K [01;36m[Knote: [m[Kin C++11 and above a default constructor can be explicit
In file included from [01m[K/opt/ros/jazzy/include/rclcpp/rclcpp/node.hpp:1663[m[K,
                 from [01m[K/opt/ros/jazzy/include/rclcpp/rclcpp/executors/single_threaded_executor.hpp:28[m[K,
                 from [01m[K/opt/ros/jazzy/include/rclcpp/rclcpp/executors.hpp:22[m[K,
                 from [01m[K/opt/ros/jazzy/include/rclcpp/rclcpp/rclcpp.hpp:172[m[K,
                 from [01m[K/home/thomas24/hiveverse_ws/src/hive_robot_description/src/lidar_frame_mapper.cpp:23[m[K:
/opt/ros/jazzy/include/rclcpp/rclcpp/node_impl.hpp: In instantiation of ‘[01m[Kauto rclcpp::Node::[01;32m[Kdeclare_parameter[m[K(const std::string&, const rcl_interfaces::msg::ParameterDescriptor&, bool) [35m[K[with ParameterT = std::unordered_map<std::__cxx11::basic_string<char>, std::__cxx11::basic_string<char> >; std::string = std::__cxx11::basic_string<char>; rcl_interfaces::msg::ParameterDescriptor = rcl_interfaces::msg::ParameterDescriptor_<std::allocator<void> >][m[K[m[K’:
[01m[K/home/thomas24/hiveverse_ws/src/hive_robot_description/src/lidar_frame_mapper.cpp:38:73:[m[K   required from here
[01m[K/opt/ros/jazzy/include/rclcpp/rclcpp/node_impl.hpp:273:26:[m[K [01;31m[Kerror: [m[Kno matching function for call to ‘[01m[Krclcpp::ParameterValue::ParameterValue(<brace-enclosed initializer list>)[m[K’
  273 |   rclcpp::ParameterValue [01;31m[Kvalue[m[K{ParameterT{}};
      |                          [01;31m[K^~~~~[m[K
In file included from [01m[K/opt/ros/jazzy/include/rclcpp/rclcpp/parameter.hpp:26[m[K,
                 from [01m[K/opt/ros/jazzy/include/rclcpp/rclcpp/copy_all_parameter_values.hpp:25[m[K,
                 from [01m[K/opt/ros/jazzy/include/rclcpp/rclcpp/rclcpp.hpp:171[m[K:
[01m[K/opt/ros/jazzy/include/rclcpp/rclcpp/parameter_value.hpp:122:12:[m[K [01;36m[Knote: [m[Kcandidate: ‘[01m[Krclcpp::ParameterValue::[01;32m[KParameterValue[m[K(const std::vector<std::__cxx11::basic_string<char>, std::allocator<std::__cxx11::basic_string<char> > >&)[m[K’
  122 |   explicit [01;36m[KParameterValue[m[K(const std::vector<std::string> & string_array_value);
      |            [01;36m[K^~~~~~~~~~~~~~[m[K
[01m[K/opt/ros/jazzy/include/rclcpp/rclcpp/parameter_value.hpp:122:60:[m[K [01;36m[Knote: [m[K  no known conversion for argument 1 from ‘[01m[Kstd::unordered_map<std::__cxx11::basic_string<char>, std::__cxx11::basic_string<char> >[m[K’ to ‘[01m[Kconst std::vector<std::__cxx11::basic_string<char>, std::allocator<std::__cxx11::basic_string<char> > >&[m[K’
  122 |   explicit ParameterValue([01;36m[Kconst std::vector<std::string> & string_array_value[m[K);
      |                           [01;36m[K~~~~~~~~~~~~~~~~~~~~~~~~~~~~~~~~~^~~~~~~~~~~~~~~~~~[m[K
[01m[K/opt/ros/jazzy/include/rclcpp/rclcpp/parameter_value.hpp:119:12:[m[K [01;36m[Knote: [m[Kcandidate: ‘[01m[Krclcpp::ParameterValue::[01;32m[KParameterValue[m[K(const std::vector<double, std::allocator<double> >&)[m[K’
  119 |   explicit [01;36m[KParameterValue[m[K(const std::vector<double> & double_array_value);
      |            [01;36m[K^~~~~~~~~~~~~~[m[K
[01m[K/opt/ros/jazzy/include/rclcpp/rclcpp/parameter_value.hpp:119:55:[m[K [01;36m[Knote: [m[K  no known conversion for argument 1 from ‘[01m[Kstd::unordered_map<std::__cxx11::basic_string<char>, std::__cxx11::basic_string<char> >[m[K’ to ‘[01m[Kconst std::vector<double, std::allocator<double> >&[m[K’
  119 |   explicit ParameterValue([01;36m[Kconst std::vector<double> & double_array_value[m[K);
      |                           [01;36m[K~~~~~~~~~~~~~~~~~~~~~~~~~~~~^~~~~~~~~~~~~~~~~~[m[K
[01m[K/opt/ros/jazzy/include/rclcpp/rclcpp/parameter_value.hpp:116:12:[m[K [01;36m[Knote: [m[Kcandidate: ‘[01m[Krclcpp::ParameterValue::[01;32m[KParameterValue[m[K(const std::vector<float>&)[m[K’
  116 |   explicit [01;36m[KParameterValue[m[K(const std::vector<float> & double_array_value);
      |            [01;36m[K^~~~~~~~~~~~~~[m[K
[01m[K/opt/ros/jazzy/include/rclcpp/rclcpp/parameter_value.hpp:116:54:[m[K [01;36m[Knote: [m[K  no known conversion for argument 1 from ‘[01m[Kstd::unordered_map<std::__cxx11::basic_string<char>, std::__cxx11::basic_string<char> >[m[K’ to ‘[01m[Kconst std::vector<float>&[m[K’
  116 |   explicit ParameterValue([01;36m[Kconst std::vector<float> & double_array_value[m[K);
      |                           [01;36m[K~~~~~~~~~~~~~~~~~~~~~~~~~~~^~~~~~~~~~~~~~~~~~[m[K
[01m[K/opt/ros/jazzy/include/rclcpp/rclcpp/parameter_value.hpp:113:12:[m[K [01;36m[Knote: [m[Kcandidate: ‘[01m[Krclcpp::ParameterValue::[01;32m[KParameterValue[m[K(const std::vector<long int, std::allocator<long int> >&)[m[K’
  113 |   explicit [01;36m[KParameterValue[m[K(const std::vector<int64_t> & int_array_value);
      |            [01;36m[K^~~~~~~~~~~~~~[m[K
[01m[K/opt/ros/jazzy/include/rclcpp/rclcpp/parameter_value.hpp:113:56:[m[K [01;36m[Knote: [m[K  no known conversion for argument 1 from ‘[01m[Kstd::unordered_map<std::__cxx11::basic_string<char>, std::__cxx11::basic_string<char> >[m[K’ to ‘[01m[Kconst std::vector<long int, std::allocator<long int> >&[m[K’
  113 |   explicit ParameterValue([01;36m[Kconst std::vector<int64_t> & int_array_value[m[K);
      |                           [01;36m[K~~~~~~~~~~~~~~~~~~~~~~~~~~~~~^~~~~~~~~~~~~~~[m[K
[01m[K/opt/ros/jazzy/include/rclcpp/rclcpp/parameter_value.hpp:110:12:[m[K [01;36m[Knote: [m[Kcandidate: ‘[01m[Krclcpp::ParameterValue::[01;32m[KParameterValue[m[K(const std::vector<int>&)[m[K’
  110 |   explicit [01;36m[KParameterValue[m[K(const std::vector<int> & int_array_value);
      |            [01;36m[K^~~~~~~~~~~~~~[m[K
[01m[K/opt/ros/jazzy/include/rclcpp/rclcpp/parameter_value.hpp:110:52:[m[K [01;36m[Knote: [m[K  no known conversion for argument 1 from ‘[01m[Kstd::unordered_map<std::__cxx11::basic_string<char>, std::__cxx11::basic_string<char> >[m[K’ to ‘[01m[Kconst std::vector<int>&[m[K’
  110 |   explicit ParameterValue([01;36m[Kconst std::vector<int> & int_array_value[m[K);
      |                           [01;36m[K~~~~~~~~~~~~~~~~~~~~~~~~~^~~~~~~~~~~~~~~[m[K
[01m[K/opt/ros/jazzy/include/rclcpp/rclcpp/parameter_value.hpp:107:12:[m[K [01;36m[Knote: [m[Kcandidate: ‘[01m[Krclcpp::ParameterValue::[01;32m[KParameterValue[m[K(const std::vector<bool, std::allocator<bool> >&)[m[K’
  107 |   explicit [01;36m[KParameterValue[m[K(const std::vector<bool> & bool_array_value);
      |            [01;36m[K^~~~~~~~~~~~~~[m[K
[01m[K/opt/ros/jazzy/include/rclcpp/rclcpp/parameter_value.hpp:107:53:[m[K [01;36m[Knote: [m[K  no known conversion for argument 1 from ‘[01m[Kstd::unordered_map<std::__cxx11::basic_string<char>, std::__cxx11::basic_string<char> >[m[K’ to ‘[01m[Kconst std::vector<bool, std::allocator<bool> >&[m[K’
  107 |   explicit ParameterValue([01;36m[Kconst std::vector<bool> & bool_array_value[m[K);
      |                           [01;36m[K~~~~~~~~~~~~~~~~~~~~~~~~~~^~~~~~~~~~~~~~~~[m[K
[01m[K/opt/ros/jazzy/include/rclcpp/rclcpp/parameter_value.hpp:104:12:[m[K [01;36m[Knote: [m[Kcandidate: ‘[01m[Krclcpp::ParameterValue::[01;32m[KParameterValue[m[K(const std::vector<unsigned char, std::allocator<unsigned char> >&)[m[K’
  104 |   explicit [01;36m[KParameterValue[m[K(const std::vector<uint8_t> & byte_array_value);
      |            [01;36m[K^~~~~~~~~~~~~~[m[K
[01m[K/opt/ros/jazzy/include/rclcpp/rclcpp/parameter_value.hpp:104:56:[m[K [01;36m[Knote: [m[K  no known conversion for argument 1 from ‘[01m[Kstd::unordered_map<std::__cxx11::basic_string<char>, std::__cxx11::basic_string<char> >[m[K’ to ‘[01m[Kconst std::vector<unsigned char, std::allocator<unsigned char> >&[m[K’
  104 |   explicit ParameterValue([01;36m[Kconst std::vector<uint8_t> & byte_array_value[m[K);
      |                           [01;36m[K~~~~~~~~~~~~~~~~~~~~~~~~~~~~~^~~~~~~~~~~~~~~~[m[K
[01m[K/opt/ros/jazzy/include/rclcpp/rclcpp/parameter_value.hpp:101:12:[m[K [01;36m[Knote: [m[Kcandidate: ‘[01m[Krclcpp::ParameterValue::[01;32m[KParameterValue[m[K(const char*)[m[K’
  101 |   explicit [01;36m[KParameterValue[m[K(const char * string_value);
      |            [01;36m[K^~~~~~~~~~~~~~[m[K
[01m[K/opt/ros/jazzy/include/rclcpp/rclcpp/parameter_value.hpp:101:40:[m[K [01;36m[Knote: [m[K  no known conversion for argument 1 from ‘[01m[Kstd::unordered_map<std::__cxx11::basic_string<char>, std::__cxx11::basic_string<char> >[m[K’ to ‘[01m[Kconst char*[m[K’
  101 |   explicit ParameterValue([01;36m[Kconst char * string_value[m[K);
      |                           [01;36m[K~~~~~~~~~~~~~^~~~~~~~~~~~[m[K
[01m[K/opt/ros/jazzy/include/rclcpp/rclcpp/parameter_value.hpp:98:12:[m[K [01;36m[Knote: [m[Kcandidate: ‘[01m[Krclcpp::ParameterValue::[01;32m[KParameterValue[m[K(const std::string&)[m[K’
   98 |   explicit [01;36m[KParameterValue[m[K(const std::string & string_value);
      |            [01;36m[K^~~~~~~~~~~~~~[m[K
[01m[K/opt/ros/jazzy/include/rclcpp/rclcpp/parameter_value.hpp:98:47:[m[K [01;36m[Knote: [m[K  no known conversion for argument 1 from ‘[01m[Kstd::unordered_map<std::__cxx11::basic_string<char>, std::__cxx11::basic_string<char> >[m[K’ to ‘[01m[Kconst std::string&[m[K’ {aka ‘[01m[Kconst std::__cxx11::basic_string<char>&[m[K’}
   98 |   explicit ParameterValue([01;36m[Kconst std::string & string_value[m[K);
      |                           [01;36m[K~~~~~~~~~~~~~~~~~~~~^~~~~~~~~~~~[m[K
[01m[K/opt/ros/jazzy/include/rclcpp/rclcpp/parameter_value.hpp:95:12:[m[K [01;36m[Knote: [m[Kcandidate: ‘[01m[Krclcpp::ParameterValue::[01;32m[KParameterValue[m[K(double)[m[K’
   95 |   explicit [01;36m[KParameterValue[m[K(const double double_value);
      |            [01;36m[K^~~~~~~~~~~~~~[m[K
[01m[K/opt/ros/jazzy/include/rclcpp/rclcpp/parameter_value.hpp:95:40:[m[K [01;36m[Knote: [m[K  no known conversion for argument 1 from ‘[01m[Kstd::unordered_map<std::__cxx11::basic_string<char>, std::__cxx11::basic_string<char> >[m[K’ to ‘[01m[Kdouble[m[K’
   95 |   explicit ParameterValue([01;36m[Kconst double double_value[m[K);
      |                           [01;36m[K~~~~~~~~~~~~~^~~~~~~~~~~~[m[K
[01m[K/opt/ros/jazzy/include/rclcpp/rclcpp/parameter_value.hpp:92:12:[m[K [01;36m[Knote: [m[Kcandidate: ‘[01m[Krclcpp::ParameterValue::[01;32m[KParameterValue[m[K(float)[m[K’
   92 |   explicit [01;36m[KParameterValue[m[K(const float double_value);
      |            [01;36m[K^~~~~~~~~~~~~~[m[K
[01m[K/opt/ros/jazzy/include/rclcpp/rclcpp/parameter_value.hpp:92:39:[m[K [01;36m[Knote: [m[K  no known conversion for argument 1 from ‘[01m[Kstd::unordered_map<std::__cxx11::basic_string<char>, std::__cxx11::basic_string<char> >[m[K’ to ‘[01m[Kfloat[m[K’
   92 |   explicit ParameterValue([01;36m[Kconst float double_value[m[K);
      |                           [01;36m[K~~~~~~~~~~~~^~~~~~~~~~~~[m[K
[01m[K/opt/ros/jazzy/include/rclcpp/rclcpp/parameter_value.hpp:89:12:[m[K [01;36m[Knote: [m[Kcandidate: ‘[01m[Krclcpp::ParameterValue::[01;32m[KParameterValue[m[K(int64_t)[m[K’
   89 |   explicit [01;36m[KParameterValue[m[K(const int64_t int_value);
      |            [01;36m[K^~~~~~~~~~~~~~[m[K
[01m[K/opt/ros/jazzy/include/rclcpp/rclcpp/parameter_value.hpp:89:41:[m[K [01;36m[Knote: [m[K  no known conversion for argument 1 from ‘[01m[Kstd::unordered_map<std::__cxx11::basic_string<char>, std::__cxx11::basic_string<char> >[m[K’ to ‘[01m[Kint64_t[m[K’ {aka ‘[01m[Klong int[m[K’}
   89 |   explicit ParameterValue([01;36m[Kconst int64_t int_value[m[K);
      |                           [01;36m[K~~~~~~~~~~~~~~^~~~~~~~~[m[K
[01m[K/opt/ros/jazzy/include/rclcpp/rclcpp/parameter_value.hpp:86:12:[m[K [01;36m[Knote: [m[Kcandidate: ‘[01m[Krclcpp::ParameterValue::[01;32m[KParameterValue[m[K(int)[m[K’
   86 |   explicit [01;36m[KParameterValue[m[K(const int int_value);
      |            [01;36m[K^~~~~~~~~~~~~~[m[K
[01m[K/opt/ros/jazzy/include/rclcpp/rclcpp/parameter_value.hpp:86:37:[m[K [01;36m[Knote: [m[K  no known conversion for argument 1 from ‘[01m[Kstd::unordered_map<std::__cxx11::basic_string<char>, std::__cxx11::basic_string<char> >[m[K’ to ‘[01m[Kint[m[K’
   86 |   explicit ParameterValue([01;36m[Kconst int int_value[m[K);
      |                           [01;36m[K~~~~~~~~~~^~~~~~~~~[m[K
[01m[K/opt/ros/jazzy/include/rclcpp/rclcpp/parameter_value.hpp:83:12:[m[K [01;36m[Knote: [m[Kcandidate: ‘[01m[Krclcpp::ParameterValue::[01;32m[KParameterValue[m[K(bool)[m[K’
   83 |   explicit [01;36m[KParameterValue[m[K(const bool bool_value);
      |            [01;36m[K^~~~~~~~~~~~~~[m[K
[01m[K/opt/ros/jazzy/include/rclcpp/rclcpp/parameter_value.hpp:83:38:[m[K [01;36m[Knote: [m[K  no known conversion for argument 1 from ‘[01m[Kstd::unordered_map<std::__cxx11::basic_string<char>, std::__cxx11::basic_string<char> >[m[K’ to ‘[01m[Kbool[m[K’
   83 |   explicit ParameterValue([01;36m[Kconst bool bool_value[m[K);
      |                           [01;36m[K~~~~~~~~~~~^~~~~~~~~~[m[K
[01m[K/opt/ros/jazzy/include/rclcpp/rclcpp/parameter_value.hpp:80:12:[m[K [01;36m[Knote: [m[Kcandidate: ‘[01m[Krclcpp::ParameterValue::[01;32m[KParameterValue[m[K(const rcl_interfaces::msg::ParameterValue&)[m[K’
   80 |   explicit [01;36m[KParameterValue[m[K(const rcl_interfaces::msg::ParameterValue & value);
      |            [01;36m[K^~~~~~~~~~~~~~[m[K
[01m[K/opt/ros/jazzy/include/rclcpp/rclcpp/parameter_value.hpp:80:71:[m[K [01;36m[Knote: [m[K  no known conversion for argument 1 from ‘[01m[Kstd::unordered_map<std::__cxx11::basic_string<char>, std::__cxx11::basic_string<char> >[m[K’ to ‘[01m[Kconst rcl_interfaces::msg::ParameterValue&[m[K’ {aka ‘[01m[Kconst rcl_interfaces::msg::ParameterValue_<std::allocator<void> >&[m[K’}
   80 |   explicit ParameterValue([01;36m[Kconst rcl_interfaces::msg::ParameterValue & value[m[K);
      |                           [01;36m[K~~~~~~~~~~~~~~~~~~~~~~~~~~~~~~~~~~~~~~~~~~~~^~~~~[m[K
[01m[K/opt/ros/jazzy/include/rclcpp/rclcpp/parameter_value.hpp:77:3:[m[K [01;36m[Knote: [m[Kcandidate: ‘[01m[Krclcpp::ParameterValue::[01;32m[KParameterValue[m[K()[m[K’
   77 |   [01;36m[KParameterValue[m[K();
      |   [01;36m[K^~~~~~~~~~~~~~[m[K
[01m[K/opt/ros/jazzy/include/rclcpp/rclcpp/parameter_value.hpp:77:3:[m[K [01;36m[Knote: [m[K  candidate expects 0 arguments, 1 provided
[01m[K/opt/ros/jazzy/include/rclcpp/rclcpp/parameter_value.hpp:72:7:[m[K [01;36m[Knote: [m[Kcandidate: ‘[01m[Krclcpp::ParameterValue::[01;32m[KParameterValue[m[K(const rclcpp::ParameterValue&)[m[K’
   72 | class [01;36m[KParameterValue[m[K
      |       [01;36m[K^~~~~~~~~~~~~~[m[K
[01m[K/opt/ros/jazzy/include/rclcpp/rclcpp/parameter_value.hpp:72:7:[m[K [01;36m[Knote: [m[K  no known conversion for argument 1 from ‘[01m[Kstd::unordered_map<std::__cxx11::basic_string<char>, std::__cxx11::basic_string<char> >[m[K’ to ‘[01m[Kconst rclcpp::ParameterValue&[m[K’
[01m[K/opt/ros/jazzy/include/rclcpp/rclcpp/parameter_value.hpp:72:7:[m[K [01;36m[Knote: [m[Kcandidate: ‘[01m[Krclcpp::ParameterValue::[01;32m[KParameterValue[m[K(rclcpp::ParameterValue&&)[m[K’
[01m[K/opt/ros/jazzy/include/rclcpp/rclcpp/parameter_value.hpp:72:7:[m[K [01;36m[Knote: [m[K  no known conversion for argument 1 from ‘[01m[Kstd::unordered_map<std::__cxx11::basic_string<char>, std::__cxx11::basic_string<char> >[m[K’ to ‘[01m[Krclcpp::ParameterValue&&[m[K’
[01m[K/opt/ros/jazzy/include/rclcpp/rclcpp/node_impl.hpp:280:22:[m[K [01;31m[Kerror: [m[Kno matching function for call to ‘[01m[Krclcpp::ParameterValue::get<std::unordered_map<std::__cxx11::basic_string<char, std::char_traits<char>, std::allocator<char> >, std::__cxx11::basic_string<char, std::char_traits<char>, std::allocator<char> >, std::hash<std::__cxx11::basic_string<char, std::char_traits<char>, std::allocator<char> > >, std::equal_to<std::__cxx11::basic_string<char, std::char_traits<char>, std::allocator<char> > >, std::allocator<std::pair<const std::__cxx11::basic_string<char, std::char_traits<char>, std::allocator<char> >, std::__cxx11::basic_string<char, std::char_traits<char>, std::allocator<char> > > > > >() const[m[K’
  275 |     return [01;31m[Kthis->declare_parameter([m[K
      |            [01;31m[K~~~~~~~~~~~~~~~~~~~~~~~~[m[K
  276 | [01;31m[K      name,[m[K
      |       [01;31m[K~~~~~[m[K           
  277 | [01;31m[K      value.get_type(),[m[K
      |       [01;31m[K~~~~~~~~~~~~~~~~~[m[K
  278 | [01;31m[K      parameter_descriptor,[m[K
      |       [01;31m[K~~~~~~~~~~~~~~~~~~~~~[m[K
  279 | [01;31m[K      ignore_override[m[K
      |       [01;31m[K~~~~~~~~~~~~~~~[m[K 
  280 | [01;31m[K    ).get<ParameterT>()[m[K;
      |     [01;31m[K~~~~~~~~~~~~~~~~~^~[m[K
[01m[K/opt/ros/jazzy/include/rclcpp/rclcpp/parameter_value.hpp:149:3:[m[K [01;36m[Knote: [m[Kcandidate: ‘[01m[Ktemplate<rclcpp::ParameterType type> constexpr typename std::enable_if<(type == rclcpp::PARAMETER_BOOL), const bool&>::type rclcpp::ParameterValue::[01;32m[Kget[m[K() const[m[K’
  149 |   [01;36m[Kget[m[K() const
      |   [01;36m[K^~~[m[K
[01m[K/opt/ros/jazzy/include/rclcpp/rclcpp/parameter_value.hpp:149:3:[m[K [01;36m[Knote: [m[K  template argument deduction/substitution failed:
[01m[K/opt/ros/jazzy/include/rclcpp/rclcpp/node_impl.hpp:280:22:[m[K [01;31m[Kerror: [m[Ktype/value mismatch at argument 1 in template parameter list for ‘[01m[Ktemplate<rclcpp::ParameterType type> constexpr typename std::enable_if<(type == rclcpp::PARAMETER_BOOL), const bool&>::type rclcpp::ParameterValue::[01;32m[Kget[m[K() const[m[K’
  275 |     return [01;31m[Kthis->declare_parameter([m[K
      |            [01;31m[K~~~~~~~~~~~~~~~~~~~~~~~~[m[K
  276 | [01;31m[K      name,[m[K
      |       [01;31m[K~~~~~[m[K           
  277 | [01;31m[K      value.get_type(),[m[K
      |       [01;31m[K~~~~~~~~~~~~~~~~~[m[K
  278 | [01;31m[K      parameter_descriptor,[m[K
      |       [01;31m[K~~~~~~~~~~~~~~~~~~~~~[m[K
  279 | [01;31m[K      ignore_override[m[K
      |       [01;31m[K~~~~~~~~~~~~~~~[m[K 
  280 | [01;31m[K    ).get<ParameterT>()[m[K;
      |     [01;31m[K~~~~~~~~~~~~~~~~~^~[m[K
[01m[K/opt/ros/jazzy/include/rclcpp/rclcpp/node_impl.hpp:280:22:[m[K [01;36m[Knote: [m[K  expected a constant of type ‘[01m[Krclcpp::ParameterType[m[K’, got ‘[01m[Kstd::unordered_map<std::__cxx11::basic_string<char>, std::__cxx11::basic_string<char> >[m[K’
[01m[K/opt/ros/jazzy/include/rclcpp/rclcpp/parameter_value.hpp:160:3:[m[K [01;36m[Knote: [m[Kcandidate: ‘[01m[Ktemplate<rclcpp::ParameterType type> constexpr typename std::enable_if<(type == rclcpp::PARAMETER_INTEGER), const long int&>::type rclcpp::ParameterValue::[01;32m[Kget[m[K() const[m[K’
  160 |   [01;36m[Kget[m[K() const
      |   [01;36m[K^~~[m[K
[01m[K/opt/ros/jazzy/include/rclcpp/rclcpp/parameter_value.hpp:160:3:[m[K [01;36m[Knote: [m[K  template argument deduction/substitution failed:
[01m[K/opt/ros/jazzy/include/rclcpp/rclcpp/node_impl.hpp:280:22:[m[K [01;31m[Kerror: [m[Ktype/value mismatch at argument 1 in template parameter list for ‘[01m[Ktemplate<rclcpp::ParameterType type> constexpr typename std::enable_if<(type == rclcpp::PARAMETER_INTEGER), const long int&>::type rclcpp::ParameterValue::[01;32m[Kget[m[K() const[m[K’
  275 |     return [01;31m[Kthis->declare_parameter([m[K
      |            [01;31m[K~~~~~~~~~~~~~~~~~~~~~~~~[m[K
  276 | [01;31m[K      name,[m[K
      |       [01;31m[K~~~~~[m[K           
  277 | [01;31m[K      value.get_type(),[m[K
      |       [01;31m[K~~~~~~~~~~~~~~~~~[m[K
  278 | [01;31m[K      parameter_descriptor,[m[K
      |       [01;31m[K~~~~~~~~~~~~~~~~~~~~~[m[K
  279 | [01;31m[K      ignore_override[m[K
      |       [01;31m[K~~~~~~~~~~~~~~~[m[K 
  280 | [01;31m[K    ).get<ParameterT>()[m[K;
      |     [01;31m[K~~~~~~~~~~~~~~~~~^~[m[K
[01m[K/opt/ros/jazzy/include/rclcpp/rclcpp/node_impl.hpp:280:22:[m[K [01;36m[Knote: [m[K  expected a constant of type ‘[01m[Krclcpp::ParameterType[m[K’, got ‘[01m[Kstd::unordered_map<std::__cxx11::basic_string<char>, std::__cxx11::basic_string<char> >[m[K’
[01m[K/opt/ros/jazzy/include/rclcpp/rclcpp/parameter_value.hpp:171:3:[m[K [01;36m[Knote: [m[Kcandidate: ‘[01m[Ktemplate<rclcpp::ParameterType type> constexpr typename std::enable_if<(type == rclcpp::PARAMETER_DOUBLE), const double&>::type rclcpp::ParameterValue::[01;32m[Kget[m[K() const[m[K’
  171 |   [01;36m[Kget[m[K() const
      |   [01;36m[K^~~[m[K
[01m[K/opt/ros/jazzy/include/rclcpp/rclcpp/parameter_value.hpp:171:3:[m[K [01;36m[Knote: [m[K  template argument deduction/substitution failed:
[01m[K/opt/ros/jazzy/include/rclcpp/rclcpp/node_impl.hpp:280:22:[m[K [01;31m[Kerror: [m[Ktype/value mismatch at argument 1 in template parameter list for ‘[01m[Ktemplate<rclcpp::ParameterType type> constexpr typename std::enable_if<(type == rclcpp::PARAMETER_DOUBLE), const double&>::type rclcpp::ParameterValue::[01;32m[Kget[m[K() const[m[K’
  275 |     return [01;31m[Kthis->declare_parameter([m[K
      |            [01;31m[K~~~~~~~~~~~~~~~~~~~~~~~~[m[K
  276 | [01;31m[K      name,[m[K
      |       [01;31m[K~~~~~[m[K           
  277 | [01;31m[K      value.get_type(),[m[K
      |       [01;31m[K~~~~~~~~~~~~~~~~~[m[K
  278 | [01;31m[K      parameter_descriptor,[m[K
      |       [01;31m[K~~~~~~~~~~~~~~~~~~~~~[m[K
  279 | [01;31m[K      ignore_override[m[K
      |       [01;31m[K~~~~~~~~~~~~~~~[m[K 
  280 | [01;31m[K    ).get<ParameterT>()[m[K;
      |     [01;31m[K~~~~~~~~~~~~~~~~~^~[m[K
[01m[K/opt/ros/jazzy/include/rclcpp/rclcpp/node_impl.hpp:280:22:[m[K [01;36m[Knote: [m[K  expected a constant of type ‘[01m[Krclcpp::ParameterType[m[K’, got ‘[01m[Kstd::unordered_map<std::__cxx11::basic_string<char>, std::__cxx11::basic_string<char> >[m[K’
[01m[K/opt/ros/jazzy/include/rclcpp/rclcpp/parameter_value.hpp:182:3:[m[K [01;36m[Knote: [m[Kcandidate: ‘[01m[Ktemplate<rclcpp::ParameterType type> constexpr typename std::enable_if<(type == rclcpp::PARAMETER_STRING), const std::__cxx11::basic_string<char>&>::type rclcpp::ParameterValue::[01;32m[Kget[m[K() const[m[K’
  182 |   [01;36m[Kget[m[K() const
      |   [01;36m[K^~~[m[K
[01m[K/opt/ros/jazzy/include/rclcpp/rclcpp/parameter_value.hpp:182:3:[m[K [01;36m[Knote: [m[K  template argument deduction/substitution failed:
[01m[K/opt/ros/jazzy/include/rclcpp/rclcpp/node_impl.hpp:280:22:[m[K [01;31m[Kerror: [m[Ktype/value mismatch at argument 1 in template parameter list for ‘[01m[Ktemplate<rclcpp::ParameterType type> constexpr typename std::enable_if<(type == rclcpp::PARAMETER_STRING), const std::__cxx11::basic_string<char>&>::type rclcpp::ParameterValue::[01;32m[Kget[m[K() const[m[K’
  275 |     return [01;31m[Kthis->declare_parameter([m[K
      |            [01;31m[K~~~~~~~~~~~~~~~~~~~~~~~~[m[K
  276 | [01;31m[K      name,[m[K
      |       [01;31m[K~~~~~[m[K           
  277 | [01;31m[K      value.get_type(),[m[K
      |       [01;31m[K~~~~~~~~~~~~~~~~~[m[K
  278 | [01;31m[K      parameter_descriptor,[m[K
      |       [01;31m[K~~~~~~~~~~~~~~~~~~~~~[m[K
  279 | [01;31m[K      ignore_override[m[K
      |       [01;31m[K~~~~~~~~~~~~~~~[m[K 
  280 | [01;31m[K    ).get<ParameterT>()[m[K;
      |     [01;31m[K~~~~~~~~~~~~~~~~~^~[m[K
[01m[K/opt/ros/jazzy/include/rclcpp/rclcpp/node_impl.hpp:280:22:[m[K [01;36m[Knote: [m[K  expected a constant of type ‘[01m[Krclcpp::ParameterType[m[K’, got ‘[01m[Kstd::unordered_map<std::__cxx11::basic_string<char>, std::__cxx11::basic_string<char> >[m[K’
[01m[K/opt/ros/jazzy/include/rclcpp/rclcpp/parameter_value.hpp:194:3:[m[K [01;36m[Knote: [m[Kcandidate: ‘[01m[Ktemplate<rclcpp::ParameterType type> constexpr typename std::enable_if<(type == rclcpp::PARAMETER_BYTE_ARRAY), const std::vector<unsigned char, std::allocator<unsigned char> >&>::type rclcpp::ParameterValue::[01;32m[Kget[m[K() const[m[K’
  194 |   [01;36m[Kget[m[K() const
      |   [01;36m[K^~~[m[K
[01m[K/opt/ros/jazzy/include/rclcpp/rclcpp/parameter_value.hpp:194:3:[m[K [01;36m[Knote: [m[K  template argument deduction/substitution failed:
[01m[K/opt/ros/jazzy/include/rclcpp/rclcpp/node_impl.hpp:280:22:[m[K [01;31m[Kerror: [m[Ktype/value mismatch at argument 1 in template parameter list for ‘[01m[Ktemplate<rclcpp::ParameterType type> constexpr typename std::enable_if<(type == rclcpp::PARAMETER_BYTE_ARRAY), const std::vector<unsigned char, std::allocator<unsigned char> >&>::type rclcpp::ParameterValue::[01;32m[Kget[m[K() const[m[K’
  275 |     return [01;31m[Kthis->declare_parameter([m[K
      |            [01;31m[K~~~~~~~~~~~~~~~~~~~~~~~~[m[K
  276 | [01;31m[K      name,[m[K
      |       [01;31m[K~~~~~[m[K           
  277 | [01;31m[K      value.get_type(),[m[K
      |       [01;31m[K~~~~~~~~~~~~~~~~~[m[K
  278 | [01;31m[K      parameter_descriptor,[m[K
      |       [01;31m[K~~~~~~~~~~~~~~~~~~~~~[m[K
  279 | [01;31m[K      ignore_override[m[K
      |       [01;31m[K~~~~~~~~~~~~~~~[m[K 
  280 | [01;31m[K    ).get<ParameterT>()[m[K;
      |     [01;31m[K~~~~~~~~~~~~~~~~~^~[m[K
[01m[K/opt/ros/jazzy/include/rclcpp/rclcpp/node_impl.hpp:280:22:[m[K [01;36m[Knote: [m[K  expected a constant of type ‘[01m[Krclcpp::ParameterType[m[K’, got ‘[01m[Kstd::unordered_map<std::__cxx11::basic_string<char>, std::__cxx11::basic_string<char> >[m[K’
[01m[K/opt/ros/jazzy/include/rclcpp/rclcpp/parameter_value.hpp:206:3:[m[K [01;36m[Knote: [m[Kcandidate: ‘[01m[Ktemplate<rclcpp::ParameterType type> constexpr typename std::enable_if<(type == rclcpp::PARAMETER_BOOL_ARRAY), const std::vector<bool, std::allocator<bool> >&>::type rclcpp::ParameterValue::[01;32m[Kget[m[K() const[m[K’
  206 |   [01;36m[Kget[m[K() const
      |   [01;36m[K^~~[m[K
[01m[K/opt/ros/jazzy/include/rclcpp/rclcpp/parameter_value.hpp:206:3:[m[K [01;36m[Knote: [m[K  template argument deduction/substitution failed:
[01m[K/opt/ros/jazzy/include/rclcpp/rclcpp/node_impl.hpp:280:22:[m[K [01;31m[Kerror: [m[Ktype/value mismatch at argument 1 in template parameter list for ‘[01m[Ktemplate<rclcpp::ParameterType type> constexpr typename std::enable_if<(type == rclcpp::PARAMETER_BOOL_ARRAY), const std::vector<bool, std::allocator<bool> >&>::type rclcpp::ParameterValue::[01;32m[Kget[m[K() const[m[K’
  275 |     return [01;31m[Kthis->declare_parameter([m[K
      |            [01;31m[K~~~~~~~~~~~~~~~~~~~~~~~~[m[K
  276 | [01;31m[K      name,[m[K
      |       [01;31m[K~~~~~[m[K           
  277 | [01;31m[K      value.get_type(),[m[K
      |       [01;31m[K~~~~~~~~~~~~~~~~~[m[K
  278 | [01;31m[K      parameter_descriptor,[m[K
      |       [01;31m[K~~~~~~~~~~~~~~~~~~~~~[m[K
  279 | [01;31m[K      ignore_override[m[K
      |       [01;31m[K~~~~~~~~~~~~~~~[m[K 
  280 | [01;31m[K    ).get<ParameterT>()[m[K;
      |     [01;31m[K~~~~~~~~~~~~~~~~~^~[m[K
[01m[K/opt/ros/jazzy/include/rclcpp/rclcpp/node_impl.hpp:280:22:[m[K [01;36m[Knote: [m[K  expected a constant of type ‘[01m[Krclcpp::ParameterType[m[K’, got ‘[01m[Kstd::unordered_map<std::__cxx11::basic_string<char>, std::__cxx11::basic_string<char> >[m[K’
[01m[K/opt/ros/jazzy/include/rclcpp/rclcpp/parameter_value.hpp:218:3:[m[K [01;36m[Knote: [m[Kcandidate: ‘[01m[Ktemplate<rclcpp::ParameterType type> constexpr typename std::enable_if<(type == rclcpp::PARAMETER_INTEGER_ARRAY), const std::vector<long int, std::allocator<long int> >&>::type rclcpp::ParameterValue::[01;32m[Kget[m[K() const[m[K’
  218 |   [01;36m[Kget[m[K() const
      |   [01;36m[K^~~[m[K
[01m[K/opt/ros/jazzy/include/rclcpp/rclcpp/parameter_value.hpp:218:3:[m[K [01;36m[Knote: [m[K  template argument deduction/substitution failed:
[01m[K/opt/ros/jazzy/include/rclcpp/rclcpp/node_impl.hpp:280:22:[m[K [01;31m[Kerror: [m[Ktype/value mismatch at argument 1 in template parameter list for ‘[01m[Ktemplate<rclcpp::ParameterType type> constexpr typename std::enable_if<(type == rclcpp::PARAMETER_INTEGER_ARRAY), const std::vector<long int, std::allocator<long int> >&>::type rclcpp::ParameterValue::[01;32m[Kget[m[K() const[m[K’
  275 |     return [01;31m[Kthis->declare_parameter([m[K
      |            [01;31m[K~~~~~~~~~~~~~~~~~~~~~~~~[m[K
  276 | [01;31m[K      name,[m[K
      |       [01;31m[K~~~~~[m[K           
  277 | [01;31m[K      value.get_type(),[m[K
      |       [01;31m[K~~~~~~~~~~~~~~~~~[m[K
  278 | [01;31m[K      parameter_descriptor,[m[K
      |       [01;31m[K~~~~~~~~~~~~~~~~~~~~~[m[K
  279 | [01;31m[K      ignore_override[m[K
      |       [01;31m[K~~~~~~~~~~~~~~~[m[K 
  280 | [01;31m[K    ).get<ParameterT>()[m[K;
      |     [01;31m[K~~~~~~~~~~~~~~~~~^~[m[K
[01m[K/opt/ros/jazzy/include/rclcpp/rclcpp/node_impl.hpp:280:22:[m[K [01;36m[Knote: [m[K  expected a constant of type ‘[01m[Krclcpp::ParameterType[m[K’, got ‘[01m[Kstd::unordered_map<std::__cxx11::basic_string<char>, std::__cxx11::basic_string<char> >[m[K’
[01m[K/opt/ros/jazzy/include/rclcpp/rclcpp/parameter_value.hpp:230:3:[m[K [01;36m[Knote: [m[Kcandidate: ‘[01m[Ktemplate<rclcpp::ParameterType type> constexpr typename std::enable_if<(type == rclcpp::PARAMETER_DOUBLE_ARRAY), const std::vector<double, std::allocator<double> >&>::type rclcpp::ParameterValue::[01;32m[Kget[m[K() const[m[K’
  230 |   [01;36m[Kget[m[K() const
      |   [01;36m[K^~~[m[K
[01m[K/opt/ros/jazzy/include/rclcpp/rclcpp/parameter_value.hpp:230:3:[m[K [01;36m[Knote: [m[K  template argument deduction/substitution failed:
[01m[K/opt/ros/jazzy/include/rclcpp/rclcpp/node_impl.hpp:280:22:[m[K [01;31m[Kerror: [m[Ktype/value mismatch at argument 1 in template parameter list for ‘[01m[Ktemplate<rclcpp::ParameterType type> constexpr typename std::enable_if<(type == rclcpp::PARAMETER_DOUBLE_ARRAY), const std::vector<double, std::allocator<double> >&>::type rclcpp::ParameterValue::[01;32m[Kget[m[K() const[m[K’
  275 |     return [01;31m[Kthis->declare_parameter([m[K
      |            [01;31m[K~~~~~~~~~~~~~~~~~~~~~~~~[m[K
  276 | [01;31m[K      name,[m[K
      |       [01;31m[K~~~~~[m[K           
  277 | [01;31m[K      value.get_type(),[m[K
      |       [01;31m[K~~~~~~~~~~~~~~~~~[m[K
  278 | [01;31m[K      parameter_descriptor,[m[K
      |       [01;31m[K~~~~~~~~~~~~~~~~~~~~~[m[K
  279 | [01;31m[K      ignore_override[m[K
      |       [01;31m[K~~~~~~~~~~~~~~~[m[K 
  280 | [01;31m[K    ).get<ParameterT>()[m[K;
      |     [01;31m[K~~~~~~~~~~~~~~~~~^~[m[K
[01m[K/opt/ros/jazzy/include/rclcpp/rclcpp/node_impl.hpp:280:22:[m[K [01;36m[Knote: [m[K  expected a constant of type ‘[01m[Krclcpp::ParameterType[m[K’, got ‘[01m[Kstd::unordered_map<std::__cxx11::basic_string<char>, std::__cxx11::basic_string<char> >[m[K’
[01m[K/opt/ros/jazzy/include/rclcpp/rclcpp/parameter_value.hpp:242:3:[m[K [01;36m[Knote: [m[Kcandidate: ‘[01m[Ktemplate<rclcpp::ParameterType type> constexpr typename std::enable_if<(type == rclcpp::PARAMETER_STRING_ARRAY), const std::vector<std::__cxx11::basic_string<char>, std::allocator<std::__cxx11::basic_string<char> > >&>::type rclcpp::ParameterValue::[01;32m[Kget[m[K() const[m[K’
  242 |   [01;36m[Kget[m[K() const
      |   [01;36m[K^~~[m[K
[01m[K/opt/ros/jazzy/include/rclcpp/rclcpp/parameter_value.hpp:242:3:[m[K [01;36m[Knote: [m[K  template argument deduction/substitution failed:
[01m[K/opt/ros/jazzy/include/rclcpp/rclcpp/node_impl.hpp:280:22:[m[K [01;31m[Kerror: [m[Ktype/value mismatch at argument 1 in template parameter list for ‘[01m[Ktemplate<rclcpp::ParameterType type> constexpr typename std::enable_if<(type == rclcpp::PARAMETER_STRING_ARRAY), const std::vector<std::__cxx11::basic_string<char>, std::allocator<std::__cxx11::basic_string<char> > >&>::type rclcpp::ParameterValue::[01;32m[Kget[m[K() const[m[K’
  275 |     return [01;31m[Kthis->declare_parameter([m[K
      |            [01;31m[K~~~~~~~~~~~~~~~~~~~~~~~~[m[K
  276 | [01;31m[K      name,[m[K
      |       [01;31m[K~~~~~[m[K           
  277 | [01;31m[K      value.get_type(),[m[K
      |       [01;31m[K~~~~~~~~~~~~~~~~~[m[K
  278 | [01;31m[K      parameter_descriptor,[m[K
      |       [01;31m[K~~~~~~~~~~~~~~~~~~~~~[m[K
  279 | [01;31m[K      ignore_override[m[K
      |       [01;31m[K~~~~~~~~~~~~~~~[m[K 
  280 | [01;31m[K    ).get<ParameterT>()[m[K;
      |     [01;31m[K~~~~~~~~~~~~~~~~~^~[m[K
[01m[K/opt/ros/jazzy/include/rclcpp/rclcpp/node_impl.hpp:280:22:[m[K [01;36m[Knote: [m[K  expected a constant of type ‘[01m[Krclcpp::ParameterType[m[K’, got ‘[01m[Kstd::unordered_map<std::__cxx11::basic_string<char>, std::__cxx11::basic_string<char> >[m[K’
[01m[K/opt/ros/jazzy/include/rclcpp/rclcpp/parameter_value.hpp:255:3:[m[K [01;36m[Knote: [m[Kcandidate: ‘[01m[Ktemplate<class type> constexpr typename std::enable_if<std::is_same<T, bool>::value, const bool&>::type rclcpp::ParameterValue::[01;32m[Kget[m[K() const[m[K’
  255 |   [01;36m[Kget[m[K() const
      |   [01;36m[K^~~[m[K
[01m[K/opt/ros/jazzy/include/rclcpp/rclcpp/parameter_value.hpp:255:3:[m[K [01;36m[Knote: [m[K  template argument deduction/substitution failed:
/opt/ros/jazzy/include/rclcpp/rclcpp/parameter_value.hpp: In substitution of ‘[01m[Ktemplate<class type> constexpr typename std::enable_if<std::is_same<T, bool>::value, const bool&>::type rclcpp::ParameterValue::[01;32m[Kget[m[K() const [35m[K[with type = std::unordered_map<std::__cxx11::basic_string<char>, std::__cxx11::basic_string<char> >][m[K[m[K’:
[01m[K/opt/ros/jazzy/include/rclcpp/rclcpp/node_impl.hpp:280:22:[m[K   required from ‘[01m[Kauto rclcpp::Node::[01;32m[Kdeclare_parameter[m[K(const std::string&, const rcl_interfaces::msg::ParameterDescriptor&, bool) [35m[K[with ParameterT = std::unordered_map<std::__cxx11::basic_string<char>, std::__cxx11::basic_string<char> >; std::string = std::__cxx11::basic_string<char>; rcl_interfaces::msg::ParameterDescriptor = rcl_interfaces::msg::ParameterDescriptor_<std::allocator<void> >][m[K[m[K’
[01m[K/home/thomas24/hiveverse_ws/src/hive_robot_description/src/lidar_frame_mapper.cpp:38:73:[m[K   required from here
[01m[K/opt/ros/jazzy/include/rclcpp/rclcpp/parameter_value.hpp:255:3:[m[K [01;31m[Kerror: [m[Kno type named ‘[01m[Ktype[m[K’ in ‘[01m[Kstruct std::enable_if<false, const bool&>[m[K’
/opt/ros/jazzy/include/rclcpp/rclcpp/node_impl.hpp: In instantiation of ‘[01m[Kauto rclcpp::Node::[01;32m[Kdeclare_parameter[m[K(const std::string&, const rcl_interfaces::msg::ParameterDescriptor&, bool) [35m[K[with ParameterT = std::unordered_map<std::__cxx11::basic_string<char>, std::__cxx11::basic_string<char> >; std::string = std::__cxx11::basic_string<char>; rcl_interfaces::msg::ParameterDescriptor = rcl_interfaces::msg::ParameterDescriptor_<std::allocator<void> >][m[K[m[K’:
[01m[K/home/thomas24/hiveverse_ws/src/hive_robot_description/src/lidar_frame_mapper.cpp:38:73:[m[K   required from here
[01m[K/opt/ros/jazzy/include/rclcpp/rclcpp/parameter_value.hpp:264:3:[m[K [01;36m[Knote: [m[Kcandidate: ‘[01m[Ktemplate<class type> constexpr typename std::enable_if<(std::is_integral<_Tp>::value && (! std::is_same<T, bool>::value)), const long int&>::type rclcpp::ParameterValue::[01;32m[Kget[m[K() const[m[K’
  264 |   [01;36m[Kget[m[K() const
      |   [01;36m[K^~~[m[K
[01m[K/opt/ros/jazzy/include/rclcpp/rclcpp/parameter_value.hpp:264:3:[m[K [01;36m[Knote: [m[K  template argument deduction/substitution failed:
/opt/ros/jazzy/include/rclcpp/rclcpp/parameter_value.hpp: In substitution of ‘[01m[Ktemplate<class type> constexpr typename std::enable_if<(std::is_integral<_Tp>::value && (! std::is_same<T, bool>::value)), const long int&>::type rclcpp::ParameterValue::[01;32m[Kget[m[K() const [35m[K[with type = std::unordered_map<std::__cxx11::basic_string<char>, std::__cxx11::basic_string<char> >][m[K[m[K’:
[01m[K/opt/ros/jazzy/include/rclcpp/rclcpp/node_impl.hpp:280:22:[m[K   required from ‘[01m[Kauto rclcpp::Node::[01;32m[Kdeclare_parameter[m[K(const std::string&, const rcl_interfaces::msg::ParameterDescriptor&, bool) [35m[K[with ParameterT = std::unordered_map<std::__cxx11::basic_string<char>, std::__cxx11::basic_string<char> >; std::string = std::__cxx11::basic_string<char>; rcl_interfaces::msg::ParameterDescriptor = rcl_interfaces::msg::ParameterDescriptor_<std::allocator<void> >][m[K[m[K’
[01m[K/home/thomas24/hiveverse_ws/src/hive_robot_description/src/lidar_frame_mapper.cpp:38:73:[m[K   required from here
[01m[K/opt/ros/jazzy/include/rclcpp/rclcpp/parameter_value.hpp:264:3:[m[K [01;31m[Kerror: [m[Kno type named ‘[01m[Ktype[m[K’ in ‘[01m[Kstruct std::enable_if<false, const long int&>[m[K’
/opt/ros/jazzy/include/rclcpp/rclcpp/node_impl.hpp: In instantiation of ‘[01m[Kauto rclcpp::Node::[01;32m[Kdeclare_parameter[m[K(const std::string&, const rcl_interfaces::msg::ParameterDescriptor&, bool) [35m[K[with ParameterT = std::unordered_map<std::__cxx11::basic_string<char>, std::__cxx11::basic_string<char> >; std::string = std::__cxx11::basic_string<char>; rcl_interfaces::msg::ParameterDescriptor = rcl_interfaces::msg::ParameterDescriptor_<std::allocator<void> >][m[K[m[K’:
[01m[K/home/thomas24/hiveverse_ws/src/hive_robot_description/src/lidar_frame_mapper.cpp:38:73:[m[K   required from here
[01m[K/opt/ros/jazzy/include/rclcpp/rclcpp/parameter_value.hpp:272:3:[m[K [01;36m[Knote: [m[Kcandidate: ‘[01m[Ktemplate<class type> constexpr typename std::enable_if<std::is_floating_point<_Tp>::value, const double&>::type rclcpp::ParameterValue::[01;32m[Kget[m[K() const[m[K’
  272 |   [01;36m[Kget[m[K() const
      |   [01;36m[K^~~[m[K
[01m[K/opt/ros/jazzy/include/rclcpp/rclcpp/parameter_value.hpp:272:3:[m[K [01;36m[Knote: [m[K  template argument deduction/substitution failed:
/opt/ros/jazzy/include/rclcpp/rclcpp/parameter_value.hpp: In substitution of ‘[01m[Ktemplate<class type> constexpr typename std::enable_if<std::is_floating_point<_Tp>::value, const double&>::type rclcpp::ParameterValue::[01;32m[Kget[m[K() const [35m[K[with type = std::unordered_map<std::__cxx11::basic_string<char>, std::__cxx11::basic_string<char> >][m[K[m[K’:
[01m[K/opt/ros/jazzy/include/rclcpp/rclcpp/node_impl.hpp:280:22:[m[K   required from ‘[01m[Kauto rclcpp::Node::[01;32m[Kdeclare_parameter[m[K(const std::string&, const rcl_interfaces::msg::ParameterDescriptor&, bool) [35m[K[with ParameterT = std::unordered_map<std::__cxx11::basic_string<char>, std::__cxx11::basic_string<char> >; std::string = std::__cxx11::basic_string<char>; rcl_interfaces::msg::ParameterDescriptor = rcl_interfaces::msg::ParameterDescriptor_<std::allocator<void> >][m[K[m[K’
[01m[K/home/thomas24/hiveverse_ws/src/hive_robot_description/src/lidar_frame_mapper.cpp:38:73:[m[K   required from here
[01m[K/opt/ros/jazzy/include/rclcpp/rclcpp/parameter_value.hpp:272:3:[m[K [01;31m[Kerror: [m[Kno type named ‘[01m[Ktype[m[K’ in ‘[01m[Kstruct std::enable_if<false, const double&>[m[K’
/opt/ros/jazzy/include/rclcpp/rclcpp/node_impl.hpp: In instantiation of ‘[01m[Kauto rclcpp::Node::[01;32m[Kdeclare_parameter[m[K(const std::string&, const rcl_interfaces::msg::ParameterDescriptor&, bool) [35m[K[with ParameterT = std::unordered_map<std::__cxx11::basic_string<char>, std::__cxx11::basic_string<char> >; std::string = std::__cxx11::basic_string<char>; rcl_interfaces::msg::ParameterDescriptor = rcl_interfaces::msg::ParameterDescriptor_<std::allocator<void> >][m[K[m[K’:
[01m[K/home/thomas24/hiveverse_ws/src/hive_robot_description/src/lidar_frame_mapper.cpp:38:73:[m[K   required from here
[01m[K/opt/ros/jazzy/include/rclcpp/rclcpp/parameter_value.hpp:280:3:[m[K [01;36m[Knote: [m[Kcandidate: ‘[01m[Ktemplate<class type> constexpr typename std::enable_if<std::is_convertible<type, std::__cxx11::basic_string<char> >::value, const std::__cxx11::basic_string<char>&>::type rclcpp::ParameterValue::[01;32m[Kget[m[K() const[m[K’
  280 |   [01;36m[Kget[m[K() const
      |   [01;36m[K^~~[m[K
[01m[K/opt/ros/jazzy/include/rclcpp/rclcpp/parameter_value.hpp:280:3:[m[K [01;36m[Knote: [m[K  template argument deduction/substitution failed:
/opt/ros/jazzy/include/rclcpp/rclcpp/parameter_value.hpp: In substitution of ‘[01m[Ktemplate<class type> constexpr typename std::enable_if<std::is_convertible<type, std::__cxx11::basic_string<char> >::value, const std::__cxx11::basic_string<char>&>::type rclcpp::ParameterValue::[01;32m[Kget[m[K() const [35m[K[with type = std::unordered_map<std::__cxx11::basic_string<char>, std::__cxx11::basic_string<char> >][m[K[m[K’:
[01m[K/opt/ros/jazzy/include/rclcpp/rclcpp/node_impl.hpp:280:22:[m[K   required from ‘[01m[Kauto rclcpp::Node::[01;32m[Kdeclare_parameter[m[K(const std::string&, const rcl_interfaces::msg::ParameterDescriptor&, bool) [35m[K[with ParameterT = std::unordered_map<std::__cxx11::basic_string<char>, std::__cxx11::basic_string<char> >; std::string = std::__cxx11::basic_string<char>; rcl_interfaces::msg::ParameterDescriptor = rcl_interfaces::msg::ParameterDescriptor_<std::allocator<void> >][m[K[m[K’
[01m[K/home/thomas24/hiveverse_ws/src/hive_robot_description/src/lidar_frame_mapper.cpp:38:73:[m[K   required from here
[01m[K/opt/ros/jazzy/include/rclcpp/rclcpp/parameter_value.hpp:280:3:[m[K [01;31m[Kerror: [m[Kno type named ‘[01m[Ktype[m[K’ in ‘[01m[Kstruct std::enable_if<false, const std::__cxx11::basic_string<char>&>[m[K’
/opt/ros/jazzy/include/rclcpp/rclcpp/node_impl.hpp: In instantiation of ‘[01m[Kauto rclcpp::Node::[01;32m[Kdeclare_parameter[m[K(const std::string&, const rcl_interfaces::msg::ParameterDescriptor&, bool) [35m[K[with ParameterT = std::unordered_map<std::__cxx11::basic_string<char>, std::__cxx11::basic_string<char> >; std::string = std::__cxx11::basic_string<char>; rcl_interfaces::msg::ParameterDescriptor = rcl_interfaces::msg::ParameterDescriptor_<std::allocator<void> >][m[K[m[K’:
[01m[K/home/thomas24/hiveverse_ws/src/hive_robot_description/src/lidar_frame_mapper.cpp:38:73:[m[K   required from here
[01m[K/opt/ros/jazzy/include/rclcpp/rclcpp/parameter_value.hpp:290:3:[m[K [01;36m[Knote: [m[Kcandidate: ‘[01m[Ktemplate<class type> constexpr typename std::enable_if<std::is_convertible<type, const std::vector<unsigned char, std::allocator<unsigned char> >&>::value, const std::vector<unsigned char, std::allocator<unsigned char> >&>::type rclcpp::ParameterValue::[01;32m[Kget[m[K() const[m[K’
  290 |   [01;36m[Kget[m[K() const
      |   [01;36m[K^~~[m[K
[01m[K/opt/ros/jazzy/include/rclcpp/rclcpp/parameter_value.hpp:290:3:[m[K [01;36m[Knote: [m[K  template argument deduction/substitution failed:
/opt/ros/jazzy/include/rclcpp/rclcpp/parameter_value.hpp: In substitution of ‘[01m[Ktemplate<class type> constexpr typename std::enable_if<std::is_convertible<type, const std::vector<unsigned char, std::allocator<unsigned char> >&>::value, const std::vector<unsigned char, std::allocator<unsigned char> >&>::type rclcpp::ParameterValue::[01;32m[Kget[m[K() const [35m[K[with type = std::unordered_map<std::__cxx11::basic_string<char>, std::__cxx11::basic_string<char> >][m[K[m[K’:
[01m[K/opt/ros/jazzy/include/rclcpp/rclcpp/node_impl.hpp:280:22:[m[K   required from ‘[01m[Kauto rclcpp::Node::[01;32m[Kdeclare_parameter[m[K(const std::string&, const rcl_interfaces::msg::ParameterDescriptor&, bool) [35m[K[with ParameterT = std::unordered_map<std::__cxx11::basic_string<char>, std::__cxx11::basic_string<char> >; std::string = std::__cxx11::basic_string<char>; rcl_interfaces::msg::ParameterDescriptor = rcl_interfaces::msg::ParameterDescriptor_<std::allocator<void> >][m[K[m[K’
[01m[K/home/thomas24/hiveverse_ws/src/hive_robot_description/src/lidar_frame_mapper.cpp:38:73:[m[K   required from here
[01m[K/opt/ros/jazzy/include/rclcpp/rclcpp/parameter_value.hpp:290:3:[m[K [01;31m[Kerror: [m[Kno type named ‘[01m[Ktype[m[K’ in ‘[01m[Kstruct std::enable_if<false, const std::vector<unsigned char, std::allocator<unsigned char> >&>[m[K’
/opt/ros/jazzy/include/rclcpp/rclcpp/node_impl.hpp: In instantiation of ‘[01m[Kauto rclcpp::Node::[01;32m[Kdeclare_parameter[m[K(const std::string&, const rcl_interfaces::msg::ParameterDescriptor&, bool) [35m[K[with ParameterT = std::unordered_map<std::__cxx11::basic_string<char>, std::__cxx11::basic_string<char> >; std::string = std::__cxx11::basic_string<char>; rcl_interfaces::msg::ParameterDescriptor = rcl_interfaces::msg::ParameterDescriptor_<std::allocator<void> >][m[K[m[K’:
[01m[K/home/thomas24/hiveverse_ws/src/hive_robot_description/src/lidar_frame_mapper.cpp:38:73:[m[K   required from here
[01m[K/opt/ros/jazzy/include/rclcpp/rclcpp/parameter_value.hpp:300:3:[m[K [01;36m[Knote: [m[Kcandidate: ‘[01m[Ktemplate<class type> constexpr typename std::enable_if<std::is_convertible<type, const std::vector<bool, std::allocator<bool> >&>::value, const std::vector<bool, std::allocator<bool> >&>::type rclcpp::ParameterValue::[01;32m[Kget[m[K() const[m[K’
  300 |   [01;36m[Kget[m[K() const
      |   [01;36m[K^~~[m[K
[01m[K/opt/ros/jazzy/include/rclcpp/rclcpp/parameter_value.hpp:300:3:[m[K [01;36m[Knote: [m[K  template argument deduction/substitution failed:
/opt/ros/jazzy/include/rclcpp/rclcpp/parameter_value.hpp: In substitution of ‘[01m[Ktemplate<class type> constexpr typename std::enable_if<std::is_convertible<type, const std::vector<bool, std::allocator<bool> >&>::value, const std::vector<bool, std::allocator<bool> >&>::type rclcpp::ParameterValue::[01;32m[Kget[m[K() const [35m[K[with type = std::unordered_map<std::__cxx11::basic_string<char>, std::__cxx11::basic_string<char> >][m[K[m[K’:
[01m[K/opt/ros/jazzy/include/rclcpp/rclcpp/node_impl.hpp:280:22:[m[K   required from ‘[01m[Kauto rclcpp::Node::[01;32m[Kdeclare_parameter[m[K(const std::string&, const rcl_interfaces::msg::ParameterDescriptor&, bool) [35m[K[with ParameterT = std::unordered_map<std::__cxx11::basic_string<char>, std::__cxx11::basic_string<char> >; std::string = std::__cxx11::basic_string<char>; rcl_interfaces::msg::ParameterDescriptor = rcl_interfaces::msg::ParameterDescriptor_<std::allocator<void> >][m[K[m[K’
[01m[K/home/thomas24/hiveverse_ws/src/hive_robot_description/src/lidar_frame_mapper.cpp:38:73:[m[K   required from here
[01m[K/opt/ros/jazzy/include/rclcpp/rclcpp/parameter_value.hpp:300:3:[m[K [01;31m[Kerror: [m[Kno type named ‘[01m[Ktype[m[K’ in ‘[01m[Kstruct std::enable_if<false, const std::vector<bool, std::allocator<bool> >&>[m[K’
/opt/ros/jazzy/include/rclcpp/rclcpp/node_impl.hpp: In instantiation of ‘[01m[Kauto rclcpp::Node::[01;32m[Kdeclare_parameter[m[K(const std::string&, const rcl_interfaces::msg::ParameterDescriptor&, bool) [35m[K[with ParameterT = std::unordered_map<std::__cxx11::basic_string<char>, std::__cxx11::basic_string<char> >; std::string = std::__cxx11::basic_string<char>; rcl_interfaces::msg::ParameterDescriptor = rcl_interfaces::msg::ParameterDescriptor_<std::allocator<void> >][m[K[m[K’:
[01m[K/home/thomas24/hiveverse_ws/src/hive_robot_description/src/lidar_frame_mapper.cpp:38:73:[m[K   required from here
[01m[K/opt/ros/jazzy/include/rclcpp/rclcpp/parameter_value.hpp:310:3:[m[K [01;36m[Knote: [m[Kcandidate: ‘[01m[Ktemplate<class type> constexpr typename std::enable_if<std::is_convertible<type, const std::vector<int>&>::value, const std::vector<long int, std::allocator<long int> >&>::type rclcpp::ParameterValue::[01;32m[Kget[m[K() const[m[K’
  310 |   [01;36m[Kget[m[K() const
      |   [01;36m[K^~~[m[K
[01m[K/opt/ros/jazzy/include/rclcpp/rclcpp/parameter_value.hpp:310:3:[m[K [01;36m[Knote: [m[K  template argument deduction/substitution failed:
/opt/ros/jazzy/include/rclcpp/rclcpp/parameter_value.hpp: In substitution of ‘[01m[Ktemplate<class type> constexpr typename std::enable_if<std::is_convertible<type, const std::vector<int>&>::value, const std::vector<long int, std::allocator<long int> >&>::type rclcpp::ParameterValue::[01;32m[Kget[m[K() const [35m[K[with type = std::unordered_map<std::__cxx11::basic_string<char>, std::__cxx11::basic_string<char> >][m[K[m[K’:
[01m[K/opt/ros/jazzy/include/rclcpp/rclcpp/node_impl.hpp:280:22:[m[K   required from ‘[01m[Kauto rclcpp::Node::[01;32m[Kdeclare_parameter[m[K(const std::string&, const rcl_interfaces::msg::ParameterDescriptor&, bool) [35m[K[with ParameterT = std::unordered_map<std::__cxx11::basic_string<char>, std::__cxx11::basic_string<char> >; std::string = std::__cxx11::basic_string<char>; rcl_interfaces::msg::ParameterDescriptor = rcl_interfaces::msg::ParameterDescriptor_<std::allocator<void> >][m[K[m[K’
[01m[K/home/thomas24/hiveverse_ws/src/hive_robot_description/src/lidar_frame_mapper.cpp:38:73:[m[K   required from here
[01m[K/opt/ros/jazzy/include/rclcpp/rclcpp/parameter_value.hpp:310:3:[m[K [01;31m[Kerror: [m[Kno type named ‘[01m[Ktype[m[K’ in ‘[01m[Kstruct std::enable_if<false, const std::vector<long int, std::allocator<long int> >&>[m[K’
/opt/ros/jazzy/include/rclcpp/rclcpp/node_impl.hpp: In instantiation of ‘[01m[Kauto rclcpp::Node::[01;32m[Kdeclare_parameter[m[K(const std::string&, const rcl_interfaces::msg::ParameterDescriptor&, bool) [35m[K[with ParameterT = std::unordered_map<std::__cxx11::basic_string<char>, std::__cxx11::basic_string<char> >; std::string = std::__cxx11::basic_string<char>; rcl_interfaces::msg::ParameterDescriptor = rcl_interfaces::msg::ParameterDescriptor_<std::allocator<void> >][m[K[m[K’:
[01m[K/home/thomas24/hiveverse_ws/src/hive_robot_description/src/lidar_frame_mapper.cpp:38:73:[m[K   required from here
[01m[K/opt/ros/jazzy/include/rclcpp/rclcpp/parameter_value.hpp:320:3:[m[K [01;36m[Knote: [m[Kcandidate: ‘[01m[Ktemplate<class type> constexpr typename std::enable_if<std::is_convertible<type, const std::vector<long int, std::allocator<long int> >&>::value, const std::vector<long int, std::allocator<long int> >&>::type rclcpp::ParameterValue::[01;32m[Kget[m[K() const[m[K’
  320 |   [01;36m[Kget[m[K() const
      |   [01;36m[K^~~[m[K
[01m[K/opt/ros/jazzy/include/rclcpp/rclcpp/parameter_value.hpp:320:3:[m[K [01;36m[Knote: [m[K  template argument deduction/substitution failed:
/opt/ros/jazzy/include/rclcpp/rclcpp/parameter_value.hpp: In substitution of ‘[01m[Ktemplate<class type> constexpr typename std::enable_if<std::is_convertible<type, const std::vector<long int, std::allocator<long int> >&>::value, const std::vector<long int, std::allocator<long int> >&>::type rclcpp::ParameterValue::[01;32m[Kget[m[K() const [35m[K[with type = std::unordered_map<std::__cxx11::basic_string<char>, std::__cxx11::basic_string<char> >][m[K[m[K’:
[01m[K/opt/ros/jazzy/include/rclcpp/rclcpp/node_impl.hpp:280:22:[m[K   required from ‘[01m[Kauto rclcpp::Node::[01;32m[Kdeclare_parameter[m[K(const std::string&, const rcl_interfaces::msg::ParameterDescriptor&, bool) [35m[K[with ParameterT = std::unordered_map<std::__cxx11::basic_string<char>, std::__cxx11::basic_string<char> >; std::string = std::__cxx11::basic_string<char>; rcl_interfaces::msg::ParameterDescriptor = rcl_interfaces::msg::ParameterDescriptor_<std::allocator<void> >][m[K[m[K’
[01m[K/home/thomas24/hiveverse_ws/src/hive_robot_description/src/lidar_frame_mapper.cpp:38:73:[m[K   required from here
[01m[K/opt/ros/jazzy/include/rclcpp/rclcpp/parameter_value.hpp:320:3:[m[K [01;31m[Kerror: [m[Kno type named ‘[01m[Ktype[m[K’ in ‘[01m[Kstruct std::enable_if<false, const std::vector<long int, std::allocator<long int> >&>[m[K’
/opt/ros/jazzy/include/rclcpp/rclcpp/node_impl.hpp: In instantiation of ‘[01m[Kauto rclcpp::Node::[01;32m[Kdeclare_parameter[m[K(const std::string&, const rcl_interfaces::msg::ParameterDescriptor&, bool) [35m[K[with ParameterT = std::unordered_map<std::__cxx11::basic_string<char>, std::__cxx11::basic_string<char> >; std::string = std::__cxx11::basic_string<char>; rcl_interfaces::msg::ParameterDescriptor = rcl_interfaces::msg::ParameterDescriptor_<std::allocator<void> >][m[K[m[K’:
[01m[K/home/thomas24/hiveverse_ws/src/hive_robot_description/src/lidar_frame_mapper.cpp:38:73:[m[K   required from here
[01m[K/opt/ros/jazzy/include/rclcpp/rclcpp/parameter_value.hpp:330:3:[m[K [01;36m[Knote: [m[Kcandidate: ‘[01m[Ktemplate<class type> constexpr typename std::enable_if<std::is_convertible<type, const std::vector<float>&>::value, const std::vector<double, std::allocator<double> >&>::type rclcpp::ParameterValue::[01;32m[Kget[m[K() const[m[K’
  330 |   [01;36m[Kget[m[K() const
      |   [01;36m[K^~~[m[K
[01m[K/opt/ros/jazzy/include/rclcpp/rclcpp/parameter_value.hpp:330:3:[m[K [01;36m[Knote: [m[K  template argument deduction/substitution failed:
/opt/ros/jazzy/include/rclcpp/rclcpp/parameter_value.hpp: In substitution of ‘[01m[Ktemplate<class type> constexpr typename std::enable_if<std::is_convertible<type, const std::vector<float>&>::value, const std::vector<double, std::allocator<double> >&>::type rclcpp::ParameterValue::[01;32m[Kget[m[K() const [35m[K[with type = std::unordered_map<std::__cxx11::basic_string<char>, std::__cxx11::basic_string<char> >][m[K[m[K’:
[01m[K/opt/ros/jazzy/include/rclcpp/rclcpp/node_impl.hpp:280:22:[m[K   required from ‘[01m[Kauto rclcpp::Node::[01;32m[Kdeclare_parameter[m[K(const std::string&, const rcl_interfaces::msg::ParameterDescriptor&, bool) [35m[K[with ParameterT = std::unordered_map<std::__cxx11::basic_string<char>, std::__cxx11::basic_string<char> >; std::string = std::__cxx11::basic_string<char>; rcl_interfaces::msg::ParameterDescriptor = rcl_interfaces::msg::ParameterDescriptor_<std::allocator<void> >][m[K[m[K’
[01m[K/home/thomas24/hiveverse_ws/src/hive_robot_description/src/lidar_frame_mapper.cpp:38:73:[m[K   required from here
[01m[K/opt/ros/jazzy/include/rclcpp/rclcpp/parameter_value.hpp:330:3:[m[K [01;31m[Kerror: [m[Kno type named ‘[01m[Ktype[m[K’ in ‘[01m[Kstruct std::enable_if<false, const std::vector<double, std::allocator<double> >&>[m[K’
/opt/ros/jazzy/include/rclcpp/rclcpp/node_impl.hpp: In instantiation of ‘[01m[Kauto rclcpp::Node::[01;32m[Kdeclare_parameter[m[K(const std::string&, const rcl_interfaces::msg::ParameterDescriptor&, bool) [35m[K[with ParameterT = std::unordered_map<std::__cxx11::basic_string<char>, std::__cxx11::basic_string<char> >; std::string = std::__cxx11::basic_string<char>; rcl_interfaces::msg::ParameterDescriptor = rcl_interfaces::msg::ParameterDescriptor_<std::allocator<void> >][m[K[m[K’:
[01m[K/home/thomas24/hiveverse_ws/src/hive_robot_description/src/lidar_frame_mapper.cpp:38:73:[m[K   required from here
[01m[K/opt/ros/jazzy/include/rclcpp/rclcpp/parameter_value.hpp:340:3:[m[K [01;36m[Knote: [m[Kcandidate: ‘[01m[Ktemplate<class type> constexpr typename std::enable_if<std::is_convertible<type, const std::vector<double, std::allocator<double> >&>::value, const std::vector<double, std::allocator<double> >&>::type rclcpp::ParameterValue::[01;32m[Kget[m[K() const[m[K’
  340 |   [01;36m[Kget[m[K() const
      |   [01;36m[K^~~[m[K
[01m[K/opt/ros/jazzy/include/rclcpp/rclcpp/parameter_value.hpp:340:3:[m[K [01;36m[Knote: [m[K  template argument deduction/substitution failed:
/opt/ros/jazzy/include/rclcpp/rclcpp/parameter_value.hpp: In substitution of ‘[01m[Ktemplate<class type> constexpr typename std::enable_if<std::is_convertible<type, const std::vector<double, std::allocator<double> >&>::value, const std::vector<double, std::allocator<double> >&>::type rclcpp::ParameterValue::[01;32m[Kget[m[K() const [35m[K[with type = std::unordered_map<std::__cxx11::basic_string<char>, std::__cxx11::basic_string<char> >][m[K[m[K’:
[01m[K/opt/ros/jazzy/include/rclcpp/rclcpp/node_impl.hpp:280:22:[m[K   required from ‘[01m[Kauto rclcpp::Node::[01;32m[Kdeclare_parameter[m[K(const std::string&, const rcl_interfaces::msg::ParameterDescriptor&, bool) [35m[K[with ParameterT = std::unordered_map<std::__cxx11::basic_string<char>, std::__cxx11::basic_string<char> >; std::string = std::__cxx11::basic_string<char>; rcl_interfaces::msg::ParameterDescriptor = rcl_interfaces::msg::ParameterDescriptor_<std::allocator<void> >][m[K[m[K’
[01m[K/home/thomas24/hiveverse_ws/src/hive_robot_description/src/lidar_frame_mapper.cpp:38:73:[m[K   required from here
[01m[K/opt/ros/jazzy/include/rclcpp/rclcpp/parameter_value.hpp:340:3:[m[K [01;31m[Kerror: [m[Kno type named ‘[01m[Ktype[m[K’ in ‘[01m[Kstruct std::enable_if<false, const std::vector<double, std::allocator<double> >&>[m[K’
/opt/ros/jazzy/include/rclcpp/rclcpp/node_impl.hpp: In instantiation of ‘[01m[Kauto rclcpp::Node::[01;32m[Kdeclare_parameter[m[K(const std::string&, const rcl_interfaces::msg::ParameterDescriptor&, bool) [35m[K[with ParameterT = std::unordered_map<std::__cxx11::basic_string<char>, std::__cxx11::basic_string<char> >; std::string = std::__cxx11::basic_string<char>; rcl_interfaces::msg::ParameterDescriptor = rcl_interfaces::msg::ParameterDescriptor_<std::allocator<void> >][m[K[m[K’:
[01m[K/home/thomas24/hiveverse_ws/src/hive_robot_description/src/lidar_frame_mapper.cpp:38:73:[m[K   required from here
[01m[K/opt/ros/jazzy/include/rclcpp/rclcpp/parameter_value.hpp:350:3:[m[K [01;36m[Knote: [m[Kcandidate: ‘[01m[Ktemplate<class type> constexpr typename std::enable_if<std::is_convertible<type, const std::vector<std::__cxx11::basic_string<char>, std::allocator<std::__cxx11::basic_string<char> > >&>::value, const std::vector<std::__cxx11::basic_string<char>, std::allocator<std::__cxx11::basic_string<char> > >&>::type rclcpp::ParameterValue::[01;32m[Kget[m[K() const[m[K’
  350 |   [01;36m[Kget[m[K() const
      |   [01;36m[K^~~[m[K
[01m[K/opt/ros/jazzy/include/rclcpp/rclcpp/parameter_value.hpp:350:3:[m[K [01;36m[Knote: [m[K  template argument deduction/substitution failed:
/opt/ros/jazzy/include/rclcpp/rclcpp/parameter_value.hpp: In substitution of ‘[01m[Ktemplate<class type> constexpr typename std::enable_if<std::is_convertible<type, const std::vector<std::__cxx11::basic_string<char>, std::allocator<std::__cxx11::basic_string<char> > >&>::value, const std::vector<std::__cxx11::basic_string<char>, std::allocator<std::__cxx11::basic_string<char> > >&>::type rclcpp::ParameterValue::[01;32m[Kget[m[K() const [35m[K[with type = std::unordered_map<std::__cxx11::basic_string<char>, std::__cxx11::basic_string<char> >][m[K[m[K’:
[01m[K/opt/ros/jazzy/include/rclcpp/rclcpp/node_impl.hpp:280:22:[m[K   required from ‘[01m[Kauto rclcpp::Node::[01;32m[Kdeclare_parameter[m[K(const std::string&, const rcl_interfaces::msg::ParameterDescriptor&, bool) [35m[K[with ParameterT = std::unordered_map<std::__cxx11::basic_string<char>, std::__cxx11::basic_string<char> >; std::string = std::__cxx11::basic_string<char>; rcl_interfaces::msg::ParameterDescriptor = rcl_interfaces::msg::ParameterDescriptor_<std::allocator<void> >][m[K[m[K’
[01m[K/home/thomas24/hiveverse_ws/src/hive_robot_description/src/lidar_frame_mapper.cpp:38:73:[m[K   required from here
[01m[K/opt/ros/jazzy/include/rclcpp/rclcpp/parameter_value.hpp:350:3:[m[K [01;31m[Kerror: [m[Kno type named ‘[01m[Ktype[m[K’ in ‘[01m[Kstruct std::enable_if<false, const std::vector<std::__cxx11::basic_string<char>, std::allocator<std::__cxx11::basic_string<char> > >&>[m[K’
[01m[K/home/thomas24/hiveverse_ws/src/hive_robot_description/src/lidar_frame_mapper.cpp:42:51:[m[K [01;31m[Kerror: [m[K‘[01m[Kclass rclcpp::Parameter[m[K’ has no member named ‘[01m[Kas_string_string_map[m[K’
   42 |     frame_map_ = this->get_parameter("frame_map").[01;31m[Kas_string_string_map[m[K();
      |                                                   [01;31m[K^~~~~~~~~~~~~~~~~~~~[m[K
gmake[2]: *** [CMakeFiles/lidar_frame_mapper.dir/build.make:76 : CMakeFiles/lidar_frame_mapper.dir/src/lidar_frame_mapper.cpp.o] Erreur 1
gmake[1]: *** [CMakeFiles/Makefile2:137 : CMakeFiles/lidar_frame_mapper.dir/all] Erreur 2
gmake: *** [Makefile:146 : all] Erreur 2
