[ 50%] Built target lidar_frame_mapper
[ 75%] [32mBuilding CXX object CMakeFiles/multi_odom_tf_broadcaster.dir/src/multi_odom_tf_broadcaster.cpp.o[0m
[01m[K/home/thomas24/hiveverse_ws/src/hive_robot_description/src/multi_odom_tf_broadcaster.cpp:[m[K In member function ‘[01m[Kvoid OdomToTF::[01;32m[Kmaybe_publish_map_to_odom[m[K(const std::string&)[m[K’:
[01m[K/home/thomas24/hiveverse_ws/src/hive_robot_description/src/multi_odom_tf_broadcaster.cpp:206:54:[m[K [01;35m[Kwarning: [m[Kunused parameter ‘[01m[Kns[m[K’ [[01;35m[K]8;;https://gcc.gnu.org/onlinedocs/gcc/Warning-Options.html#index-Wunused-parameter-Wunused-parameter]8;;[m[K]
  206 |   void maybe_publish_map_to_odom([01;35m[Kconst std::string & ns[m[K) { /* fait rien ici */ }
      |                                  [01;35m[K~~~~~~~~~~~~~~~~~~~~^~[m[K
[100%] [32m[1mLinking CXX executable multi_odom_tf_broadcaster[0m
[100%] Built target multi_odom_tf_broadcaster
-- Install configuration: ""
-- Up-to-date: /home/thomas24/hiveverse_ws/install/hive_robot_description/share/hive_robot_description/launch
-- Up-to-date: /home/thomas24/hiveverse_ws/install/hive_robot_description/share/hive_robot_description/launch/view_model.launch.py
-- Up-to-date: /home/thomas24/hiveverse_ws/install/hive_robot_description/share/hive_robot_description/launch/publish_static_robot.launch.py
-- Up-to-date: /home/thomas24/hiveverse_ws/install/hive_robot_description/share/hive_robot_description/launch/gazebo_model.launch.py
-- Up-to-date: /home/thomas24/hiveverse_ws/install/hive_robot_description/share/hive_robot_description/launch/multi_robot_spawn.launch.py
-- Up-to-date: /home/thomas24/hiveverse_ws/install/hive_robot_description/share/hive_robot_description/launch/spawn_mk5_200.launch.py
-- Up-to-date: /home/thomas24/hiveverse_ws/install/hive_robot_description/share/hive_robot_description/launch/hive_test_launch.py
-- Up-to-date: /home/thomas24/hiveverse_ws/install/hive_robot_description/share/hive_robot_description/launch/spawn_gz.launch.py
-- Up-to-date: /home/thomas24/hiveverse_ws/install/hive_robot_description/share/hive_robot_description/launch/mono_robot_spawn.launch.py
-- Up-to-date: /home/thomas24/hiveverse_ws/install/hive_robot_description/share/hive_robot_description/model
-- Up-to-date: /home/thomas24/hiveverse_ws/install/hive_robot_description/share/hive_robot_description/model/mk5_200.gazebo
-- Up-to-date: /home/thomas24/hiveverse_ws/install/hive_robot_description/share/hive_robot_description/model/robot_pink.urdf
-- Up-to-date: /home/thomas24/hiveverse_ws/install/hive_robot_description/share/hive_robot_description/model/mk5_200.urdf.xacro
-- Up-to-date: /home/thomas24/hiveverse_ws/install/hive_robot_description/share/hive_robot_description/model/caca.urdf.xacro
-- Up-to-date: /home/thomas24/hiveverse_ws/install/hive_robot_description/share/hive_robot_description/model/bleu_robot.urdf
-- Up-to-date: /home/thomas24/hiveverse_ws/install/hive_robot_description/share/hive_robot_description/model/mk5_200
-- Up-to-date: /home/thomas24/hiveverse_ws/install/hive_robot_description/share/hive_robot_description/model/mk5_200/model.sdf
-- Up-to-date: /home/thomas24/hiveverse_ws/install/hive_robot_description/share/hive_robot_description/model/mk5_200/model.config
-- Up-to-date: /home/thomas24/hiveverse_ws/install/hive_robot_description/share/hive_robot_description/worlds
-- Up-to-date: /home/thomas24/hiveverse_ws/install/hive_robot_description/share/hive_robot_description/worlds/hive_empty_world.world.sdf
-- Up-to-date: /home/thomas24/hiveverse_ws/install/hive_robot_description/share/hive_robot_description/worlds/merde.sdf
-- Up-to-date: /home/thomas24/hiveverse_ws/install/hive_robot_description/share/hive_robot_description/worlds/hive_test.world.sdf
-- Up-to-date: /home/thomas24/hiveverse_ws/install/hive_robot_description/share/hive_robot_description/parameters
-- Up-to-date: /home/thomas24/hiveverse_ws/install/hive_robot_description/share/hive_robot_description/parameters/bridge_parameters.yaml
-- Installing: /home/thomas24/hiveverse_ws/install/hive_robot_description/lib/hive_robot_description/multi_odom_tf_broadcaster
-- Set non-toolchain portion of runtime path of "/home/thomas24/hiveverse_ws/install/hive_robot_description/lib/hive_robot_description/multi_odom_tf_broadcaster" to ""
-- Up-to-date: /home/thomas24/hiveverse_ws/install/hive_robot_description/lib/hive_robot_description/lidar_frame_mapper
-- Up-to-date: /home/thomas24/hiveverse_ws/install/hive_robot_description/share/ament_index/resource_index/package_run_dependencies/hive_robot_description
-- Up-to-date: /home/thomas24/hiveverse_ws/install/hive_robot_description/share/ament_index/resource_index/parent_prefix_path/hive_robot_description
-- Up-to-date: /home/thomas24/hiveverse_ws/install/hive_robot_description/share/hive_robot_description/environment/ament_prefix_path.sh
-- Up-to-date: /home/thomas24/hiveverse_ws/install/hive_robot_description/share/hive_robot_description/environment/ament_prefix_path.dsv
-- Up-to-date: /home/thomas24/hiveverse_ws/install/hive_robot_description/share/hive_robot_description/environment/path.sh
-- Up-to-date: /home/thomas24/hiveverse_ws/install/hive_robot_description/share/hive_robot_description/environment/path.dsv
-- Up-to-date: /home/thomas24/hiveverse_ws/install/hive_robot_description/share/hive_robot_description/local_setup.bash
-- Up-to-date: /home/thomas24/hiveverse_ws/install/hive_robot_description/share/hive_robot_description/local_setup.sh
-- Up-to-date: /home/thomas24/hiveverse_ws/install/hive_robot_description/share/hive_robot_description/local_setup.zsh
-- Up-to-date: /home/thomas24/hiveverse_ws/install/hive_robot_description/share/hive_robot_description/local_setup.dsv
-- Installing: /home/thomas24/hiveverse_ws/install/hive_robot_description/share/hive_robot_description/package.dsv
-- Up-to-date: /home/thomas24/hiveverse_ws/install/hive_robot_description/share/ament_index/resource_index/packages/hive_robot_description
-- Up-to-date: /home/thomas24/hiveverse_ws/install/hive_robot_description/share/hive_robot_description/cmake/hive_robot_descriptionConfig.cmake
-- Up-to-date: /home/thomas24/hiveverse_ws/install/hive_robot_description/share/hive_robot_description/cmake/hive_robot_descriptionConfig-version.cmake
-- Up-to-date: /home/thomas24/hiveverse_ws/install/hive_robot_description/share/hive_robot_description/package.xml
