[0.007s] Invoking command in '/home/thomas24/hiveverse_ws/build/hive_robot_description': DEBUGINFOD_URLS=https://debuginfod.ubuntu.com /usr/bin/cmake /home/thomas24/hiveverse_ws/src/hive_robot_description -DCMAKE_INSTALL_PREFIX=/home/thomas24/hiveverse_ws/install/hive_robot_description
[0.019s] -- Found ament_cmake: 2.5.4 (/opt/ros/jazzy/share/ament_cmake/cmake)
[0.172s] -- Found xacro: 2.0.13 (/opt/ros/jazzy/share/xacro/cmake)
[0.173s] -- Found ros_gz_sim: 1.0.15 (/opt/ros/jazzy/share/ros_gz_sim/cmake)
[0.202s] -- Found rosidl_generator_c: 4.6.5 (/opt/ros/jazzy/share/rosidl_generator_c/cmake)
[0.210s] -- Found rosidl_generator_cpp: 4.6.5 (/opt/ros/jazzy/share/rosidl_generator_cpp/cmake)
[0.221s] -- Using all available rosidl_typesupport_c: rosidl_typesupport_fastrtps_c;rosidl_typesupport_introspection_c
[0.231s] -- Using all available rosidl_typesupport_cpp: rosidl_typesupport_fastrtps_cpp;rosidl_typesupport_introspection_cpp
[0.275s] -- Found rmw_implementation_cmake: 7.3.2 (/opt/ros/jazzy/share/rmw_implementation_cmake/cmake)
[0.276s] -- Found rmw_fastrtps_cpp: 8.4.2 (/opt/ros/jazzy/share/rmw_fastrtps_cpp/cmake)
[0.333s] -- Found OpenSSL: /usr/lib/x86_64-linux-gnu/libcrypto.so (found version "3.0.13")  
[0.345s] -- Found FastRTPS: /opt/ros/jazzy/include (Required is at least version "2.13") 
[0.358s] -- Using RMW implementation 'rmw_fastrtps_cpp' as default
[0.510s] [31mCMake Error at CMakeLists.txt:8 (find_package):
[0.511s]   By not providing "Findros_gz_bridge.cmake" in CMAKE_MODULE_PATH this
[0.511s]   project has asked CMake to find a package configuration file provided by
[0.511s]   "ros_gz_bridge", but CMake did not find one.
[0.511s] 
[0.511s]   Could not find a package configuration file provided by "ros_gz_bridge"
[0.511s]   with any of the following names:
[0.511s] 
[0.511s]     ros_gz_bridgeConfig.cmake
[0.511s]     ros_gz_bridge-config.cmake
[0.511s] 
[0.511s]   Add the installation prefix of "ros_gz_bridge" to CMAKE_PREFIX_PATH or set
[0.511s]   "ros_gz_bridge_DIR" to a directory containing one of the above files.  If
[0.511s]   "ros_gz_bridge" provides a separate development package or SDK, be sure it
[0.511s]   has been installed.
[0.511s] 
[0.511s] [0m
[0.511s] -- Configuring incomplete, errors occurred!
[0.516s] Invoked command in '/home/thomas24/hiveverse_ws/build/hive_robot_description' returned '1': DEBUGINFOD_URLS=https://debuginfod.ubuntu.com /usr/bin/cmake /home/thomas24/hiveverse_ws/src/hive_robot_description -DCMAKE_INSTALL_PREFIX=/home/thomas24/hiveverse_ws/install/hive_robot_description
